[2014-08-06 13:05:27.012] [INFO] ultt - Wed Aug 06 2014 13:05:27 GMT+0200 (Mitteleuropäische Sommerzeit) - 2: Listening on port 80
[2014-08-06 13:05:46.254] [INFO] ultt - Wed Aug 06 2014 13:05:46 GMT+0200 (Mitteleuropäische Sommerzeit) - 2: Listening on port 80
[2014-08-06 13:10:02.952] [INFO] ultt - 2: Listening on port 80
[2014-08-06 13:23:29.488] [INFO] ultt - Listening on port 80
[2014-08-06 13:23:59.450] [INFO] ultt - Listening on port 80
[2014-08-06 13:24:56.282] [INFO] ultt - Listening on port 80
[2014-08-06 14:14:12.264] [INFO] ultt - Listening on port 80
[2014-08-06 14:14:12.274] [INFO] ultt - connected to db
[2014-08-06 14:14:43.874] [INFO] ultt - serving post to /unity/db
[2014-08-06 14:14:43.874] [DEBUG] ultt - received data: purpose=get&table=persons&id=name&age=null
[2014-08-06 14:14:43.874] [DEBUG] ultt - full data received on db: {"purpose":"get","table":"persons","id":"name","age":"null"}
[2014-08-06 14:14:43.874] [DEBUG] ultt - db fetch query: select age from persons where id='name';
[2014-08-06 14:14:44.024] [INFO] ultt - successful db fetching
[2014-08-06 14:14:44.024] [DEBUG] ultt - fetch result: []
[2014-08-06 14:14:58.736] [INFO] ultt - serving post to /unity/db
[2014-08-06 14:14:58.736] [DEBUG] ultt - received data: purpose=get&table=persons&id=5&age=null
[2014-08-06 14:14:58.736] [DEBUG] ultt - full data received on db: {"purpose":"get","table":"persons","id":"5","age":"null"}
[2014-08-06 14:14:58.736] [DEBUG] ultt - db fetch query: select age from persons where id=5;
[2014-08-06 14:14:58.746] [INFO] ultt - successful db fetching
[2014-08-06 14:14:58.746] [DEBUG] ultt - fetch result: [{"age":45}]
[2014-08-06 14:15:32.966] [INFO] ultt - serving post to /unity/db
[2014-08-06 14:15:32.966] [DEBUG] ultt - received data: purpose=get&table=persons&name=m&age=null
[2014-08-06 14:15:32.966] [DEBUG] ultt - full data received on db: {"purpose":"get","table":"persons","name":"m","age":"null"}
[2014-08-06 14:15:32.966] [DEBUG] ultt - db fetch query: select age from persons where name='m';
[2014-08-06 14:15:32.986] [INFO] ultt - successful db fetching
[2014-08-06 14:15:32.986] [DEBUG] ultt - fetch result: [{"age":44}]
[2014-08-06 14:15:39.466] [INFO] ultt - serving post to /unity/db
[2014-08-06 14:15:39.466] [DEBUG] ultt - received data: purpose=post&table=persons&name=maa&age=34
[2014-08-06 14:15:39.466] [DEBUG] ultt - full data received on db: {"purpose":"post","table":"persons","name":"maa","age":"34"}
[2014-08-06 14:15:39.466] [DEBUG] ultt - db insert data: {"name":"maa","age":"34"}, in table: persons
[2014-08-06 14:15:39.526] [INFO] ultt - successful db insert
[2014-08-06 14:15:48.488] [INFO] ultt - serving post to /unity/db
[2014-08-06 14:15:48.488] [DEBUG] ultt - received data: purpose=get&table=persons&name=maa&age=null
[2014-08-06 14:15:48.488] [DEBUG] ultt - full data received on db: {"purpose":"get","table":"persons","name":"maa","age":"null"}
[2014-08-06 14:15:48.488] [DEBUG] ultt - db fetch query: select age from persons where name='maa';
[2014-08-06 14:15:48.488] [INFO] ultt - successful db fetching
[2014-08-06 14:15:48.488] [DEBUG] ultt - fetch result: [{"age":34}]
[2014-08-06 14:16:53.181] [INFO] ultt - serving request to /
[2014-08-06 14:17:18.239] [INFO] ultt - serving request to /
[2014-08-06 14:17:18.452] [INFO] ultt - serving request to /ultt.unity3d
[2014-08-06 14:37:31.994] [INFO] ultt - Listening on port 80
[2014-08-06 14:37:31.994] [INFO] ultt - connected to db
[2014-08-06 14:37:37.093] [INFO] ultt - serving request to /
[2014-08-06 14:37:37.288] [INFO] ultt - serving request to /ultt.unity3d
[2014-08-27 20:19:39.115] [INFO] ultt - Listening on port 80
[2014-08-27 20:19:39.125] [INFO] ultt - connected to db
[2014-08-27 20:19:48.315] [INFO] ultt - serving post to /login
[2014-08-27 20:19:48.315] [DEBUG] ultt - received login data: username=mkesse&password=password
[2014-08-27 20:19:48.315] [DEBUG] ultt - user data received: {"username":"mkesse","password":"password"}
[2014-08-27 20:19:48.315] [DEBUG] ultt - full data received on db: {"purpose":"get","table":"user","username":"mkesse","password":"null"}
[2014-08-27 20:19:48.315] [DEBUG] ultt - db fetch query: select password from user where username='mkesse';
[2014-08-27 20:19:48.315] [INFO] ultt - successful db fetching
[2014-08-27 20:19:48.315] [DEBUG] ultt - fetch result: [{"password":"password"}]
[2014-08-27 20:19:48.315] [DEBUG] ultt - password fetched: [{"password":"password"}]
[2014-08-27 20:25:08.115] [INFO] ultt - Listening on port 80
[2014-08-27 20:25:08.125] [INFO] ultt - connected to db
[2014-08-27 20:25:13.205] [INFO] ultt - serving post to /login
[2014-08-27 20:25:13.205] [DEBUG] ultt - received login data: username=mkesse&password=password
[2014-08-27 20:26:34.969] [INFO] ultt - Listening on port 80
[2014-08-27 20:26:34.979] [INFO] ultt - connected to db
[2014-08-27 20:26:38.439] [INFO] ultt - serving post to /login
[2014-08-27 20:26:38.439] [DEBUG] ultt - received login data: username=mkesse&password=password
[2014-08-27 20:26:38.439] [DEBUG] ultt - user data received: {"username":"mkesse","password":"password"}
[2014-08-27 20:26:38.449] [DEBUG] ultt - full data received on db: {"purpose":"get","table":"user","username":"mkesse","password":"null"}
[2014-08-27 20:26:38.449] [DEBUG] ultt - db fetch query: select password from user where username='mkesse';
[2014-08-27 20:26:38.449] [INFO] ultt - successful db fetching
[2014-08-27 20:26:38.449] [DEBUG] ultt - fetch result: [{"password":"password"}]
[2014-08-27 20:26:38.449] [DEBUG] ultt - password fetched: [{"password":"password"}]
[2014-08-27 20:26:38.449] [DEBUG] ultt - input password did not match db password, returning failure
[2014-08-27 20:27:38.281] [INFO] ultt - serving post to /login
[2014-08-27 20:27:38.281] [DEBUG] ultt - received login data: username=mkesse&password=password
[2014-08-27 20:27:38.281] [DEBUG] ultt - user data received: {"username":"mkesse","password":"password"}
[2014-08-27 20:27:38.281] [DEBUG] ultt - full data received on db: {"purpose":"get","table":"user","username":"mkesse","password":"null"}
[2014-08-27 20:27:38.281] [DEBUG] ultt - db fetch query: select password from user where username='mkesse';
[2014-08-27 20:27:38.281] [INFO] ultt - successful db fetching
[2014-08-27 20:27:38.281] [DEBUG] ultt - fetch result: [{"password":"password"}]
[2014-08-27 20:27:38.281] [DEBUG] ultt - password fetched: [{"password":"password"}]
[2014-08-27 20:27:38.281] [DEBUG] ultt - input password did not match db password, returning failure
[2014-08-27 20:28:31.811] [INFO] ultt - Listening on port 80
[2014-08-27 20:28:31.811] [INFO] ultt - connected to db
[2014-08-27 20:28:36.613] [INFO] ultt - serving post to /login
[2014-08-27 20:28:36.613] [DEBUG] ultt - received login data: username=mkesse&password=password
[2014-08-27 20:28:36.613] [DEBUG] ultt - user data received: {"username":"mkesse","password":"password"}
[2014-08-27 20:28:36.613] [DEBUG] ultt - full data received on db: {"purpose":"get","table":"user","username":"mkesse","password":"null"}
[2014-08-27 20:28:36.613] [DEBUG] ultt - db fetch query: select password from user where username='mkesse';
[2014-08-27 20:28:36.613] [INFO] ultt - successful db fetching
[2014-08-27 20:28:36.623] [DEBUG] ultt - fetch result: [{"password":"password"}]
[2014-08-27 20:28:36.623] [DEBUG] ultt - password fetched: [{"password":"password"}]
[2014-08-27 20:28:36.623] [DEBUG] ultt - pw: undefined
[2014-08-27 20:28:36.623] [DEBUG] ultt - input password did not match db password, returning failure
[2014-08-27 20:32:06.500] [INFO] ultt - Listening on port 80
[2014-08-27 20:32:06.500] [INFO] ultt - connected to db
[2014-08-27 20:32:11.640] [INFO] ultt - serving post to /login
[2014-08-27 20:32:11.640] [DEBUG] ultt - received login data: username=mkesse&password=password
[2014-08-27 20:32:11.650] [DEBUG] ultt - user data received: {"username":"mkesse","password":"password"}
[2014-08-27 20:32:11.650] [DEBUG] ultt - full data received on db: {"purpose":"get","table":"user","username":"mkesse","password":"null"}
[2014-08-27 20:32:11.650] [DEBUG] ultt - db fetch query: select password from user where username='mkesse';
[2014-08-27 20:32:11.650] [INFO] ultt - successful db fetching
[2014-08-27 20:32:11.660] [DEBUG] ultt - fetch result: [{"password":"password"}]
[2014-08-27 20:32:11.660] [DEBUG] ultt - password fetched: [{"password":"password"}]
[2014-08-27 20:32:11.660] [DEBUG] ultt - pw: password
[2014-08-27 20:32:11.660] [DEBUG] ultt - input password did match db password, returning success
[2014-08-27 20:32:21.380] [INFO] ultt - serving post to /login
[2014-08-27 20:32:21.380] [DEBUG] ultt - received login data: username=mkesse&password=passwor
[2014-08-27 20:32:21.380] [DEBUG] ultt - user data received: {"username":"mkesse","password":"passwor"}
[2014-08-27 20:32:21.380] [DEBUG] ultt - full data received on db: {"purpose":"get","table":"user","username":"mkesse","password":"null"}
[2014-08-27 20:32:21.380] [DEBUG] ultt - db fetch query: select password from user where username='mkesse';
[2014-08-27 20:32:21.380] [INFO] ultt - successful db fetching
[2014-08-27 20:32:21.380] [DEBUG] ultt - fetch result: [{"password":"password"}]
[2014-08-27 20:32:21.380] [DEBUG] ultt - password fetched: [{"password":"password"}]
[2014-08-27 20:32:21.380] [DEBUG] ultt - pw: password
[2014-08-27 20:32:21.380] [DEBUG] ultt - input password did not match db password, returning failure
[2014-08-27 20:32:24.000] [INFO] ultt - serving post to /login
[2014-08-27 20:32:24.000] [DEBUG] ultt - received login data: username=mkess&password=passwor
[2014-08-27 20:32:24.000] [DEBUG] ultt - user data received: {"username":"mkess","password":"passwor"}
[2014-08-27 20:32:24.000] [DEBUG] ultt - full data received on db: {"purpose":"get","table":"user","username":"mkess","password":"null"}
[2014-08-27 20:33:35.742] [INFO] ultt - Listening on port 80
[2014-08-27 20:33:35.742] [INFO] ultt - connected to db
[2014-08-27 20:33:39.812] [INFO] ultt - serving post to /login
[2014-08-27 20:33:39.812] [DEBUG] ultt - received login data: username=mkess&password=passwor
[2014-08-27 20:34:01.778] [INFO] ultt - Listening on port 80
[2014-08-27 20:34:01.783] [INFO] ultt - connected to db
[2014-08-27 20:34:04.118] [INFO] ultt - serving post to /login
[2014-08-27 20:34:04.120] [DEBUG] ultt - received login data: username=mkess&password=passwor
[2014-08-27 20:34:04.122] [DEBUG] ultt - user data received: {"username":"mkess","password":"passwor"}
[2014-08-27 20:34:04.124] [DEBUG] ultt - full data received on db: {"purpose":"get","table":"user","username":"mkess","password":"null"}
[2014-08-27 20:34:04.125] [DEBUG] ultt - db fetch query: select password from user where username='mkess';
[2014-08-27 20:34:04.129] [INFO] ultt - successful db fetching
[2014-08-27 20:34:04.130] [DEBUG] ultt - fetch result: []
[2014-08-27 20:34:04.131] [DEBUG] ultt - password fetched: []
[2014-08-27 20:34:04.132] [DEBUG] ultt - empty fetch result, likewise user does not exist
[2014-08-27 20:35:22.701] [INFO] ultt - serving post to /login
[2014-08-27 20:35:22.703] [DEBUG] ultt - received login data: username=mkesse&password=password
[2014-08-27 20:35:22.704] [DEBUG] ultt - user data received: {"username":"mkesse","password":"password"}
[2014-08-27 20:35:22.705] [DEBUG] ultt - full data received on db: {"purpose":"get","table":"user","username":"mkesse","password":"null"}
[2014-08-27 20:35:22.706] [DEBUG] ultt - db fetch query: select password from user where username='mkesse';
[2014-08-27 20:35:22.709] [INFO] ultt - successful db fetching
[2014-08-27 20:35:22.710] [DEBUG] ultt - fetch result: [{"password":"password"}]
[2014-08-27 20:35:22.711] [DEBUG] ultt - password fetched: [{"password":"password"}]
[2014-08-27 20:35:22.712] [DEBUG] ultt - pw: password
[2014-08-27 20:35:22.712] [DEBUG] ultt - input password did match db password, returning success
[2014-08-27 20:38:00.327] [INFO] ultt - serving post to /login
[2014-08-27 20:38:00.327] [DEBUG] ultt - received login data: username=mkesse&password=
[2014-08-27 20:38:00.327] [DEBUG] ultt - user data received: {"username":"mkesse","password":""}
[2014-08-27 20:38:00.327] [DEBUG] ultt - full data received on db: {"purpose":"get","table":"user","username":"mkesse","password":"null"}
[2014-08-27 20:38:00.327] [DEBUG] ultt - db fetch query: select password from user where username='mkesse';
[2014-08-27 20:38:00.327] [INFO] ultt - successful db fetching
[2014-08-27 20:38:00.327] [DEBUG] ultt - fetch result: [{"password":"password"}]
[2014-08-27 20:38:00.327] [DEBUG] ultt - password fetched: [{"password":"password"}]
[2014-08-27 20:38:00.327] [DEBUG] ultt - pw: password
[2014-08-27 20:38:00.327] [DEBUG] ultt - input password did not match db password, returning failure
[2014-08-27 20:38:02.007] [INFO] ultt - serving post to /login
[2014-08-27 20:38:02.007] [DEBUG] ultt - received login data: username=mkesse&password=+
[2014-08-27 20:38:02.007] [DEBUG] ultt - user data received: {"username":"mkesse","password":"+"}
[2014-08-27 20:38:02.007] [DEBUG] ultt - full data received on db: {"purpose":"get","table":"user","username":"mkesse","password":"null"}
[2014-08-27 20:38:02.007] [DEBUG] ultt - db fetch query: select password from user where username='mkesse';
[2014-08-27 20:38:02.007] [INFO] ultt - successful db fetching
[2014-08-27 20:38:02.007] [DEBUG] ultt - fetch result: [{"password":"password"}]
[2014-08-27 20:38:02.007] [DEBUG] ultt - password fetched: [{"password":"password"}]
[2014-08-27 20:38:02.017] [DEBUG] ultt - pw: password
[2014-08-27 20:38:02.017] [DEBUG] ultt - input password did not match db password, returning failure
[2014-08-27 20:38:17.347] [INFO] ultt - serving post to /login
[2014-08-27 20:38:17.347] [DEBUG] ultt - received login data: username=mkesse&password=%21%22%c2%a7%24%25%26%2f()%3d%3f%5e1234567890%c3%9f%c2%b4%c2%b0%c2%b4%60%2b%23%c3%bc%c3%a4%c3%b6*%c3%9c%27%c3%84%c3%96%3c%3e%7c%40%e2%82%ac%c2%b5%2c.-%3b%3a_
[2014-08-27 20:38:17.347] [DEBUG] ultt - user data received: {"username":"mkesse","password":"%21%22%c2%a7%24%25%26%2f()%3d%3f%5e1234567890%c3%9f%c2%b4%c2%b0%c2%b4%60%2b%23%c3%bc%c3%a4%c3%b6*%c3%9c%27%c3%84%c3%96%3c%3e%7c%40%e2%82%ac%c2%b5%2c.-%3b%3a_"}
[2014-08-27 20:38:17.347] [DEBUG] ultt - full data received on db: {"purpose":"get","table":"user","username":"mkesse","password":"null"}
[2014-08-27 20:38:17.347] [DEBUG] ultt - db fetch query: select password from user where username='mkesse';
[2014-08-27 20:38:17.347] [INFO] ultt - successful db fetching
[2014-08-27 20:38:17.347] [DEBUG] ultt - fetch result: [{"password":"password"}]
[2014-08-27 20:38:17.347] [DEBUG] ultt - password fetched: [{"password":"password"}]
[2014-08-27 20:38:17.357] [DEBUG] ultt - pw: password
[2014-08-27 20:38:17.357] [DEBUG] ultt - input password did not match db password, returning failure
[2014-08-27 20:39:44.489] [INFO] ultt - serving post to /login
[2014-08-27 20:39:44.489] [DEBUG] ultt - received login data: username=mkesse&password=1234567890%c3%9f
[2014-08-27 20:39:44.489] [DEBUG] ultt - user data received: {"username":"mkesse","password":"1234567890%c3%9f"}
[2014-08-27 20:39:44.489] [DEBUG] ultt - full data received on db: {"purpose":"get","table":"user","username":"mkesse","password":"null"}
[2014-08-27 20:39:44.489] [DEBUG] ultt - db fetch query: select password from user where username='mkesse';
[2014-08-27 20:39:44.489] [INFO] ultt - successful db fetching
[2014-08-27 20:39:44.489] [DEBUG] ultt - fetch result: [{"password":"password"}]
[2014-08-27 20:39:44.489] [DEBUG] ultt - password fetched: [{"password":"password"}]
[2014-08-27 20:39:44.489] [DEBUG] ultt - pw: password
[2014-08-27 20:39:44.499] [DEBUG] ultt - input password did not match db password, returning failure
[2014-09-03 00:25:54.385] [INFO] ultt - Listening on port 80
[2014-09-03 00:25:55.385] [ERROR] ultt - error connecting to db: Error: connect ECONNREFUSED
[2014-09-03 00:26:19.577] [INFO] ultt - Listening on port 80
[2014-09-03 00:26:19.607] [INFO] ultt - connected to db
[2014-09-03 00:29:59.335] [INFO] ultt - serving post to /unity/db
[2014-09-03 00:29:59.335] [DEBUG] ultt - received data: method=getUser&user_id=1
[2014-09-03 00:29:59.335] [DEBUG] ultt - full data received on db: {"method":"getUser","user_id":"1"}
[2014-09-03 00:29:59.335] [DEBUG] ultt - get user with id: 1
[2014-09-03 00:29:59.535] [INFO] ultt - successful user fetching
[2014-09-03 00:29:59.535] [DEBUG] ultt - fetch result: [{"user_id":1,"token":66,"username":"mkesse","password":"password","name_first":"Max","name_last":"Kesselbacher","email_id":"mkesse@gmx.at","picture":"/web/image/default.jpg","created_at":"2014-08-27T17:40:24.000Z","school_id":"10"}]
[2014-09-03 00:30:35.985] [INFO] ultt - serving post to /unity/db
[2014-09-03 00:30:35.985] [DEBUG] ultt - received data: method=getUser&user_id=11111
[2014-09-03 00:30:35.985] [DEBUG] ultt - full data received on db: {"method":"getUser","user_id":"11111"}
[2014-09-03 00:30:35.985] [DEBUG] ultt - get user with id: 11111
[2014-09-03 00:30:35.985] [INFO] ultt - successful user fetching
[2014-09-03 00:30:35.985] [DEBUG] ultt - fetch result: []
[2014-09-03 00:30:44.886] [INFO] ultt - serving post to /unity/db
[2014-09-03 00:30:44.886] [DEBUG] ultt - received data: method=getUser&user_id=
[2014-09-03 00:30:44.886] [DEBUG] ultt - full data received on db: {"method":"getUser","user_id":""}
[2014-09-03 00:30:44.886] [DEBUG] ultt - get user with id: 
[2014-09-03 00:30:44.886] [ERROR] ultt - error on method getUser
[2014-09-03 00:31:27.828] [INFO] ultt - Listening on port 80
[2014-09-03 00:31:27.838] [INFO] ultt - connected to db
[2014-09-03 00:31:30.548] [INFO] ultt - serving post to /unity/db
[2014-09-03 00:33:04.560] [INFO] ultt - Listening on port 80
[2014-09-03 00:33:04.560] [INFO] ultt - connected to db
[2014-09-03 00:33:07.720] [INFO] ultt - serving post to /unity/db
[2014-09-03 00:33:07.720] [DEBUG] ultt - received data: method=getUser&user_id=
[2014-09-03 00:33:07.720] [DEBUG] ultt - full data received on db: {"method":"getUser","user_id":""}
[2014-09-03 00:33:07.720] [ERROR] ultt - error on method getUser
[2014-09-03 00:33:07.720] [ERROR] ultt - error posting to db: malformed user id: 
[2014-09-03 00:34:38.472] [INFO] ultt - Listening on port 80
[2014-09-03 00:34:38.482] [INFO] ultt - connected to db
[2014-09-03 00:34:41.232] [INFO] ultt - serving post to /unity/db
[2014-09-03 00:34:41.232] [DEBUG] ultt - received data: method=getUser&user_id=
[2014-09-03 00:34:41.232] [DEBUG] ultt - full data received on db: {"method":"getUser","user_id":""}
[2014-09-03 00:34:41.232] [ERROR] ultt - error on method getUser
[2014-09-03 00:34:41.232] [ERROR] ultt - error posting to db: malformed user id: 
[2014-09-03 00:34:51.122] [INFO] ultt - serving post to /unity/db
[2014-09-03 00:34:51.122] [DEBUG] ultt - received data: method=getUser&user_id=abc
[2014-09-03 00:34:51.122] [DEBUG] ultt - full data received on db: {"method":"getUser","user_id":"abc"}
[2014-09-03 00:34:51.122] [ERROR] ultt - error on method getUser
[2014-09-03 00:34:51.122] [ERROR] ultt - error posting to db: malformed user id: abc
[2014-09-03 00:44:09.080] [INFO] ultt - Listening on port 80
[2014-09-03 00:44:09.080] [INFO] ultt - connected to db
[2014-09-03 00:44:11.650] [INFO] ultt - Listening on port 80
[2014-09-03 00:44:11.660] [INFO] ultt - connected to db
[2014-09-03 00:44:30.840] [INFO] ultt - serving post to /unity/db
[2014-09-03 00:44:30.840] [DEBUG] ultt - received data: method=getUserClasses&user_id=1
[2014-09-03 00:44:30.840] [DEBUG] ultt - full data received on db: {"method":"getUserClasses","user_id":"1"}
[2014-09-03 00:44:30.840] [ERROR] ultt - error on method getUserClasses
[2014-09-03 00:44:30.840] [ERROR] ultt - error posting to db: Error: ER_PARSE_ERROR: You have an error in your SQL syntax; check the manual that corresponds to your MySQL server version for the right syntax to use near '. u.accepted from class c, user_is_in_class u where u.user_id = 1 and u.class_id' at line 1
[2014-09-03 00:47:05.343] [INFO] ultt - Listening on port 80
[2014-09-03 00:47:05.348] [INFO] ultt - connected to db
[2014-09-03 00:47:10.276] [INFO] ultt - serving post to /unity/db
[2014-09-03 00:47:10.278] [DEBUG] ultt - received data: method=getUserClasses&user_id=1
[2014-09-03 00:47:10.278] [DEBUG] ultt - full data received on db: {"method":"getUserClasses","user_id":"1"}
[2014-09-03 00:47:34.091] [INFO] ultt - Listening on port 80
[2014-09-03 00:47:34.096] [INFO] ultt - connected to db
[2014-09-03 00:47:37.723] [INFO] ultt - serving post to /unity/db
[2014-09-03 00:47:37.723] [DEBUG] ultt - received data: method=getUserClasses&user_id=1
[2014-09-03 00:47:37.723] [DEBUG] ultt - full data received on db: {"method":"getUserClasses","user_id":"1"}
[2014-09-03 00:47:51.393] [INFO] ultt - serving post to /unity/db
[2014-09-03 00:47:51.393] [DEBUG] ultt - received data: method=getUserClasses&user_id=2
[2014-09-03 00:47:51.393] [DEBUG] ultt - full data received on db: {"method":"getUserClasses","user_id":"2"}
[2014-09-03 00:47:54.363] [INFO] ultt - serving post to /unity/db
[2014-09-03 00:47:54.363] [DEBUG] ultt - received data: method=getUserClasses&user_id=1
[2014-09-03 00:47:54.363] [DEBUG] ultt - full data received on db: {"method":"getUserClasses","user_id":"1"}
[2014-09-03 00:47:56.113] [INFO] ultt - serving post to /unity/db
[2014-09-03 00:47:56.113] [DEBUG] ultt - received data: method=getUserClasses&user_id=3
[2014-09-03 00:47:56.113] [DEBUG] ultt - full data received on db: {"method":"getUserClasses","user_id":"3"}
[2014-09-03 00:48:47.873] [INFO] ultt - Listening on port 80
[2014-09-03 00:48:47.873] [INFO] ultt - connected to db
[2014-09-03 00:48:50.303] [INFO] ultt - serving post to /unity/db
[2014-09-03 00:48:50.303] [DEBUG] ultt - received data: method=getUserClasses&user_id=3
[2014-09-03 00:48:50.303] [DEBUG] ultt - full data received on db: {"method":"getUserClasses","user_id":"3"}
[2014-09-03 00:48:50.303] [DEBUG] ultt - fetch result: []
[2014-09-03 00:48:56.753] [INFO] ultt - serving post to /unity/db
[2014-09-03 00:48:56.753] [DEBUG] ultt - received data: method=getUserClasses&user_id=2
[2014-09-03 00:48:56.753] [DEBUG] ultt - full data received on db: {"method":"getUserClasses","user_id":"2"}
[2014-09-03 00:48:56.753] [DEBUG] ultt - fetch result: [{"class_id":1,"classname":"Informatik1","privacy":null,"user_id":1,"school_year":2014,"classcode":"gkuzdxtzjsy","subject_id":1,"accepted":1},{"class_id":2,"classname":"Mathematik1","privacy":null,"user_id":1,"school_year":2014,"classcode":"rxtzjdsjmm","subject_id":2,"accepted":0}]
[2014-09-03 00:49:00.593] [INFO] ultt - serving post to /unity/db
[2014-09-03 00:49:00.593] [DEBUG] ultt - received data: method=getUserClasses&user_id=1
[2014-09-03 00:49:00.593] [DEBUG] ultt - full data received on db: {"method":"getUserClasses","user_id":"1"}
[2014-09-03 00:49:00.593] [DEBUG] ultt - fetch result: [{"class_id":1,"classname":"Informatik1","privacy":null,"user_id":1,"school_year":2014,"classcode":"gkuzdxtzjsy","subject_id":1,"accepted":1},{"class_id":2,"classname":"Mathematik1","privacy":null,"user_id":1,"school_year":2014,"classcode":"rxtzjdsjmm","subject_id":2,"accepted":1}]
[2014-09-03 01:07:56.317] [INFO] ultt - Listening on port 80
[2014-09-03 01:07:56.317] [INFO] ultt - connected to db
[2014-09-03 01:08:27.777] [INFO] ultt - serving post to /unity/db
[2014-09-03 01:08:27.777] [DEBUG] ultt - received data: method=getClassUsers&user_id=1
[2014-09-03 01:08:27.777] [DEBUG] ultt - full data received on db: {"method":"getClassUsers","user_id":"1"}
[2014-09-03 01:08:27.777] [ERROR] ultt - error on method getClassUsers
[2014-09-03 01:08:27.777] [ERROR] ultt - error posting to db: malformed class id: undefined
[2014-09-03 01:08:57.618] [INFO] ultt - serving post to /unity/db
[2014-09-03 01:08:57.618] [DEBUG] ultt - received data: method=getClassUsers&class_id=1
[2014-09-03 01:08:57.618] [DEBUG] ultt - full data received on db: {"method":"getClassUsers","class_id":"1"}
[2014-09-03 01:08:57.618] [DEBUG] ultt - get users of class with id: 1
[2014-09-03 01:08:57.668] [INFO] ultt - successful users fetching
[2014-09-03 01:08:57.668] [DEBUG] ultt - fetch result: [{"user_id":1,"token":66,"username":"mkesse","password":"password","name_first":"Max","name_last":"Kesselbacher","email_id":"mkesse@gmx.at","picture":"/web/image/default.jpg","created_at":"2014-08-27T17:40:24.000Z","school_id":"10","accepted":1},{"user_id":1,"token":66,"username":"mkesse","password":"password","name_first":"Max","name_last":"Kesselbacher","email_id":"mkesse@gmx.at","picture":"/web/image/default.jpg","created_at":"2014-08-27T17:40:24.000Z","school_id":"10","accepted":1},{"user_id":2,"token":22,"username":"test","password":"test","name_first":"test","name_last":"test","email_id":"test@test","picture":"/web/image/defaulttest.jpg","created_at":"2014-09-02T22:40:31.000Z","school_id":"test","accepted":1},{"user_id":2,"token":22,"username":"test","password":"test","name_first":"test","name_last":"test","email_id":"test@test","picture":"/web/image/defaulttest.jpg","created_at":"2014-09-02T22:40:31.000Z","school_id":"test","accepted":1}]
[2014-09-03 01:09:14.380] [INFO] ultt - serving post to /unity/db
[2014-09-03 01:09:14.380] [DEBUG] ultt - received data: method=getClassUsers&class_id=2
[2014-09-03 01:09:14.380] [DEBUG] ultt - full data received on db: {"method":"getClassUsers","class_id":"2"}
[2014-09-03 01:09:14.380] [DEBUG] ultt - get users of class with id: 2
[2014-09-03 01:09:14.380] [INFO] ultt - successful users fetching
[2014-09-03 01:09:14.380] [DEBUG] ultt - fetch result: [{"user_id":1,"token":66,"username":"mkesse","password":"password","name_first":"Max","name_last":"Kesselbacher","email_id":"mkesse@gmx.at","picture":"/web/image/default.jpg","created_at":"2014-08-27T17:40:24.000Z","school_id":"10","accepted":1},{"user_id":1,"token":66,"username":"mkesse","password":"password","name_first":"Max","name_last":"Kesselbacher","email_id":"mkesse@gmx.at","picture":"/web/image/default.jpg","created_at":"2014-08-27T17:40:24.000Z","school_id":"10","accepted":0},{"user_id":2,"token":22,"username":"test","password":"test","name_first":"test","name_last":"test","email_id":"test@test","picture":"/web/image/defaulttest.jpg","created_at":"2014-09-02T22:40:31.000Z","school_id":"test","accepted":1},{"user_id":2,"token":22,"username":"test","password":"test","name_first":"test","name_last":"test","email_id":"test@test","picture":"/web/image/defaulttest.jpg","created_at":"2014-09-02T22:40:31.000Z","school_id":"test","accepted":0}]
[2014-09-03 01:10:28.014] [INFO] ultt - Listening on port 80
[2014-09-03 01:10:28.019] [INFO] ultt - connected to db
[2014-09-03 01:10:30.375] [INFO] ultt - serving post to /unity/db
[2014-09-03 01:10:30.376] [DEBUG] ultt - received data: method=getClassUsers&class_id=2
[2014-09-03 01:10:30.377] [DEBUG] ultt - full data received on db: {"method":"getClassUsers","class_id":"2"}
[2014-09-03 01:10:30.378] [DEBUG] ultt - get users of class with id: 2
[2014-09-03 01:10:30.380] [INFO] ultt - successful users fetching
[2014-09-03 01:10:30.380] [DEBUG] ultt - fetch result: [{"user_id":1,"token":66,"username":"mkesse","password":"password","name_first":"Max","name_last":"Kesselbacher","email_id":"mkesse@gmx.at","picture":"/web/image/default.jpg","created_at":"2014-08-27T17:40:24.000Z","school_id":"10","accepted":1},{"user_id":2,"token":22,"username":"test","password":"test","name_first":"test","name_last":"test","email_id":"test@test","picture":"/web/image/defaulttest.jpg","created_at":"2014-09-02T22:40:31.000Z","school_id":"test","accepted":0}]
[2014-09-03 01:10:33.077] [INFO] ultt - serving post to /unity/db
[2014-09-03 01:10:33.078] [DEBUG] ultt - received data: method=getClassUsers&class_id=2
[2014-09-03 01:10:33.078] [DEBUG] ultt - full data received on db: {"method":"getClassUsers","class_id":"2"}
[2014-09-03 01:10:33.079] [DEBUG] ultt - get users of class with id: 2
[2014-09-03 01:10:33.080] [INFO] ultt - successful users fetching
[2014-09-03 01:10:33.080] [DEBUG] ultt - fetch result: [{"user_id":1,"token":66,"username":"mkesse","password":"password","name_first":"Max","name_last":"Kesselbacher","email_id":"mkesse@gmx.at","picture":"/web/image/default.jpg","created_at":"2014-08-27T17:40:24.000Z","school_id":"10","accepted":1},{"user_id":2,"token":22,"username":"test","password":"test","name_first":"test","name_last":"test","email_id":"test@test","picture":"/web/image/defaulttest.jpg","created_at":"2014-09-02T22:40:31.000Z","school_id":"test","accepted":0}]
[2014-09-03 01:10:39.553] [INFO] ultt - serving post to /unity/db
[2014-09-03 01:10:39.554] [DEBUG] ultt - received data: method=getClassUsers&class_id=1
[2014-09-03 01:10:39.554] [DEBUG] ultt - full data received on db: {"method":"getClassUsers","class_id":"1"}
[2014-09-03 01:10:39.554] [DEBUG] ultt - get users of class with id: 1
[2014-09-03 01:10:39.555] [INFO] ultt - successful users fetching
[2014-09-03 01:10:39.556] [DEBUG] ultt - fetch result: [{"user_id":1,"token":66,"username":"mkesse","password":"password","name_first":"Max","name_last":"Kesselbacher","email_id":"mkesse@gmx.at","picture":"/web/image/default.jpg","created_at":"2014-08-27T17:40:24.000Z","school_id":"10","accepted":1},{"user_id":2,"token":22,"username":"test","password":"test","name_first":"test","name_last":"test","email_id":"test@test","picture":"/web/image/defaulttest.jpg","created_at":"2014-09-02T22:40:31.000Z","school_id":"test","accepted":1}]
[2014-09-06 16:02:23.638] [INFO] ultt - Listening on port 80
[2014-09-06 16:02:23.643] [INFO] ultt - connected to db
[2014-09-06 16:05:34.524] [INFO] ultt - serving post to /unity/db
[2014-09-06 16:05:34.524] [DEBUG] ultt - received data: method=getUser&user_id=1
[2014-09-06 16:05:34.524] [DEBUG] ultt - full data received on db: {"method":"getUser","user_id":"1"}
[2014-09-06 16:05:34.524] [DEBUG] ultt - get user with id: 1
[2014-09-06 16:05:34.524] [INFO] ultt - successful user fetching
[2014-09-06 16:05:34.524] [DEBUG] ultt - fetch result: [{"user_id":1,"token":66,"username":"mkesse","name_first":"Max","name_last":"Kesselbacher","email_id":"mkesse@gmx.at","picture":"/web/image/default.jpg","created_at":"2014-08-27T17:40:24.000Z","school_id":"10"}]
[2014-09-06 16:05:52.024] [INFO] ultt - serving post to /unity/db
[2014-09-06 16:05:52.024] [DEBUG] ultt - received data: method=getUser&user_id=2
[2014-09-06 16:05:52.024] [DEBUG] ultt - full data received on db: {"method":"getUser","user_id":"2"}
[2014-09-06 16:05:52.024] [DEBUG] ultt - get user with id: 2
[2014-09-06 16:05:52.024] [INFO] ultt - successful user fetching
[2014-09-06 16:05:52.024] [DEBUG] ultt - fetch result: [{"user_id":2,"token":22,"username":"test","name_first":"test","name_last":"test","email_id":"test@test","picture":"/web/image/defaulttest.jpg","created_at":"2014-09-02T22:40:31.000Z","school_id":"test"}]
[2014-09-06 16:05:55.584] [INFO] ultt - serving post to /unity/db
[2014-09-06 16:05:55.584] [DEBUG] ultt - received data: method=getUser&user_id=3
[2014-09-06 16:05:55.584] [DEBUG] ultt - full data received on db: {"method":"getUser","user_id":"3"}
[2014-09-06 16:05:55.584] [DEBUG] ultt - get user with id: 3
[2014-09-06 16:05:55.594] [INFO] ultt - successful user fetching
[2014-09-06 16:05:55.594] [DEBUG] ultt - fetch result: []
[2014-09-06 16:06:00.004] [INFO] ultt - serving post to /unity/db
[2014-09-06 16:06:00.004] [DEBUG] ultt - received data: method=getUser&user_id=-1
[2014-09-06 16:06:00.004] [DEBUG] ultt - full data received on db: {"method":"getUser","user_id":"-1"}
[2014-09-06 16:06:00.004] [DEBUG] ultt - get user with id: -1
[2014-09-06 16:06:00.004] [INFO] ultt - successful user fetching
[2014-09-06 16:06:00.004] [DEBUG] ultt - fetch result: []
[2014-09-06 16:06:03.024] [INFO] ultt - serving post to /unity/db
[2014-09-06 16:06:03.024] [DEBUG] ultt - received data: method=getUser&user_id=*1
[2014-09-06 16:06:03.024] [DEBUG] ultt - full data received on db: {"method":"getUser","user_id":"*1"}
[2014-09-06 16:06:03.024] [ERROR] ultt - error on method getUser
[2014-09-06 16:06:03.024] [ERROR] ultt - error posting to db: [object Object]
[2014-09-06 16:06:27.947] [INFO] ultt - serving post to /unity/db
[2014-09-06 16:06:27.947] [DEBUG] ultt - received data: method=getUser&user_id=1
[2014-09-06 16:06:27.947] [DEBUG] ultt - full data received on db: {"method":"getUser","user_id":"1"}
[2014-09-06 16:06:27.947] [DEBUG] ultt - get user with id: 1
[2014-09-06 16:06:27.947] [INFO] ultt - successful user fetching
[2014-09-06 16:06:27.957] [DEBUG] ultt - fetch result: [{"user_id":1,"token":66,"username":"mkesse","name_first":"Max","name_last":"Kesselbacher","email_id":"mkesse@gmx.at","picture":"/web/image/default.jpg","created_at":"2014-08-27T17:40:24.000Z","school_id":"10"}]
[2014-09-06 16:06:45.526] [INFO] ultt - serving post to /unity/db
[2014-09-06 16:06:45.526] [DEBUG] ultt - received data: method=getTeacherClasses&user_id=1
[2014-09-06 16:06:45.526] [DEBUG] ultt - full data received on db: {"method":"getTeacherClasses","user_id":"1"}
[2014-09-06 16:06:45.526] [DEBUG] ultt - get classes of teacher user with id: 1
[2014-09-06 16:06:45.526] [ERROR] ultt - error on method getTeacherClasses
[2014-09-06 16:06:45.526] [ERROR] ultt - error posting to db: Error: ER_BAD_FIELD_ERROR: Unknown column 's.subject_name' in 'field list'
[2014-09-06 16:08:08.917] [INFO] ultt - Listening on port 80
[2014-09-06 16:08:08.922] [INFO] ultt - connected to db
[2014-09-06 16:08:12.320] [INFO] ultt - serving post to /unity/db
[2014-09-06 16:08:12.322] [DEBUG] ultt - received data: method=getTeacherClasses&user_id=1
[2014-09-06 16:08:12.323] [DEBUG] ultt - full data received on db: {"method":"getTeacherClasses","user_id":"1"}
[2014-09-06 16:08:12.324] [DEBUG] ultt - get classes of teacher user with id: 1
[2014-09-06 16:08:12.338] [INFO] ultt - successful teacher classes fetching
[2014-09-06 16:08:12.340] [DEBUG] ultt - fetch result: [{"class_id":1,"classname":"Informatik1","privacy":null,"school_year":2014,"classcode":"gkuzdxtzjsy","subject_name":"Informatik"},{"class_id":2,"classname":"Mathematik1","privacy":null,"school_year":2014,"classcode":"rxtzjdsjmm","subject_name":"Mathematik"}]
[2014-09-06 16:08:41.416] [INFO] ultt - serving post to /unity/db
[2014-09-06 16:08:41.417] [DEBUG] ultt - received data: method=getTeacherClasses&user_id=2
[2014-09-06 16:08:41.418] [DEBUG] ultt - full data received on db: {"method":"getTeacherClasses","user_id":"2"}
[2014-09-06 16:08:41.419] [DEBUG] ultt - get classes of teacher user with id: 2
[2014-09-06 16:08:41.421] [INFO] ultt - successful teacher classes fetching
[2014-09-06 16:08:41.422] [DEBUG] ultt - fetch result: []
[2014-09-06 16:08:45.341] [INFO] ultt - serving post to /unity/db
[2014-09-06 16:08:45.342] [DEBUG] ultt - received data: method=getTeacherClasses&user_id=0
[2014-09-06 16:08:45.343] [DEBUG] ultt - full data received on db: {"method":"getTeacherClasses","user_id":"0"}
[2014-09-06 16:08:45.344] [DEBUG] ultt - get classes of teacher user with id: 0
[2014-09-06 16:08:45.347] [INFO] ultt - successful teacher classes fetching
[2014-09-06 16:08:45.347] [DEBUG] ultt - fetch result: []
[2014-09-06 16:08:47.619] [INFO] ultt - serving post to /unity/db
[2014-09-06 16:08:47.621] [DEBUG] ultt - received data: method=getTeacherClasses&user_id=sdf
[2014-09-06 16:08:47.622] [DEBUG] ultt - full data received on db: {"method":"getTeacherClasses","user_id":"sdf"}
[2014-09-06 16:08:47.622] [ERROR] ultt - error on method getTeacherClasses
[2014-09-06 16:08:47.623] [ERROR] ultt - error posting to db: [object Object]
[2014-09-06 16:10:10.952] [INFO] ultt - Listening on port 80
[2014-09-06 16:10:10.952] [INFO] ultt - connected to db
[2014-09-06 16:10:13.464] [INFO] ultt - serving post to /unity/db
[2014-09-06 16:10:13.464] [DEBUG] ultt - received data: method=getTeacherClasses&user_id=sdf
[2014-09-06 16:10:13.474] [DEBUG] ultt - full data received on db: {"method":"getTeacherClasses","user_id":"sdf"}
[2014-09-06 16:10:13.474] [ERROR] ultt - error on method getTeacherClasses
[2014-09-06 16:10:13.474] [ERROR] ultt - error posting to db: {"error":300}
[2014-09-06 16:10:30.134] [INFO] ultt - serving post to /unity/db
[2014-09-06 16:10:30.134] [DEBUG] ultt - received data: method=getTeacherClasses&user_id=sdf
[2014-09-06 16:10:30.134] [DEBUG] ultt - full data received on db: {"method":"getTeacherClasses","user_id":"sdf"}
[2014-09-06 16:10:30.134] [ERROR] ultt - error on method getTeacherClasses
[2014-09-06 16:10:30.134] [ERROR] ultt - error posting to db: {"error":300}
[2014-09-06 16:10:31.654] [INFO] ultt - serving post to /unity/db
[2014-09-06 16:10:31.654] [DEBUG] ultt - received data: method=getTeacherClasses&user_id=1
[2014-09-06 16:10:31.654] [DEBUG] ultt - full data received on db: {"method":"getTeacherClasses","user_id":"1"}
[2014-09-06 16:10:31.654] [DEBUG] ultt - get classes of teacher user with id: 1
[2014-09-06 16:10:31.664] [INFO] ultt - successful teacher classes fetching
[2014-09-06 16:10:31.664] [DEBUG] ultt - fetch result: [{"class_id":1,"classname":"Informatik1","privacy":null,"school_year":2014,"classcode":"gkuzdxtzjsy","subject_name":"Informatik"},{"class_id":2,"classname":"Mathematik1","privacy":null,"school_year":2014,"classcode":"rxtzjdsjmm","subject_name":"Mathematik"}]
[2014-09-06 16:11:08.198] [INFO] ultt - serving post to /unity/db
[2014-09-06 16:11:08.198] [DEBUG] ultt - received data: method=getUserClasses&user_id=1
[2014-09-06 16:11:08.199] [DEBUG] ultt - full data received on db: {"method":"getUserClasses","user_id":"1"}
[2014-09-06 16:11:08.199] [DEBUG] ultt - get classes of user with id: 1
[2014-09-06 16:11:08.252] [INFO] ultt - successful classes fetching
[2014-09-06 16:11:08.253] [DEBUG] ultt - fetch result: [{"class_id":1,"classname":"Informatik1","privacy":null,"school_year":2014,"classcode":"gkuzdxtzjsy","subject_name":"Informatik","username":"mkesse","accepted":1},{"class_id":2,"classname":"Mathematik1","privacy":null,"school_year":2014,"classcode":"rxtzjdsjmm","subject_name":"Mathematik","username":"mkesse","accepted":1}]
[2014-09-06 16:12:05.541] [INFO] ultt - serving post to /unity/db
[2014-09-06 16:12:05.543] [DEBUG] ultt - received data: method=getUserClasses&user_id=12
[2014-09-06 16:12:05.544] [DEBUG] ultt - full data received on db: {"method":"getUserClasses","user_id":"12"}
[2014-09-06 16:12:05.545] [DEBUG] ultt - get classes of user with id: 12
[2014-09-06 16:12:05.548] [INFO] ultt - successful classes fetching
[2014-09-06 16:12:05.549] [DEBUG] ultt - fetch result: []
[2014-09-06 16:12:07.126] [INFO] ultt - serving post to /unity/db
[2014-09-06 16:12:07.127] [DEBUG] ultt - received data: method=getUserClasses&user_id=2
[2014-09-06 16:12:07.128] [DEBUG] ultt - full data received on db: {"method":"getUserClasses","user_id":"2"}
[2014-09-06 16:12:07.128] [DEBUG] ultt - get classes of user with id: 2
[2014-09-06 16:12:07.130] [INFO] ultt - successful classes fetching
[2014-09-06 16:12:07.130] [DEBUG] ultt - fetch result: [{"class_id":1,"classname":"Informatik1","privacy":null,"school_year":2014,"classcode":"gkuzdxtzjsy","subject_name":"Informatik","username":"mkesse","accepted":1},{"class_id":2,"classname":"Mathematik1","privacy":null,"school_year":2014,"classcode":"rxtzjdsjmm","subject_name":"Mathematik","username":"mkesse","accepted":0}]
[2014-09-06 16:13:06.549] [INFO] ultt - serving post to /unity/db
[2014-09-06 16:13:06.549] [DEBUG] ultt - received data: method=getClassUsers&class_id=1
[2014-09-06 16:13:06.549] [DEBUG] ultt - full data received on db: {"method":"getClassUsers","class_id":"1"}
[2014-09-06 16:13:06.549] [DEBUG] ultt - get users of class with id: 1
[2014-09-06 16:13:06.549] [INFO] ultt - successful users fetching
[2014-09-06 16:13:06.549] [DEBUG] ultt - fetch result: [{"user_id":1,"username":"mkesse","accepted":1},{"user_id":2,"username":"test","accepted":1}]
[2014-09-06 16:13:17.499] [INFO] ultt - serving post to /unity/db
[2014-09-06 16:13:17.499] [DEBUG] ultt - received data: method=getClassUsers&class_id=2
[2014-09-06 16:13:17.499] [DEBUG] ultt - full data received on db: {"method":"getClassUsers","class_id":"2"}
[2014-09-06 16:13:17.499] [DEBUG] ultt - get users of class with id: 2
[2014-09-06 16:13:17.499] [INFO] ultt - successful users fetching
[2014-09-06 16:13:17.509] [DEBUG] ultt - fetch result: [{"user_id":1,"username":"mkesse","accepted":1},{"user_id":2,"username":"test","accepted":0}]
[2014-09-06 16:13:19.419] [INFO] ultt - serving post to /unity/db
[2014-09-06 16:13:19.419] [DEBUG] ultt - received data: method=getClassUsers&class_id=1
[2014-09-06 16:13:19.419] [DEBUG] ultt - full data received on db: {"method":"getClassUsers","class_id":"1"}
[2014-09-06 16:13:19.419] [DEBUG] ultt - get users of class with id: 1
[2014-09-06 16:13:19.419] [INFO] ultt - successful users fetching
[2014-09-06 16:13:19.419] [DEBUG] ultt - fetch result: [{"user_id":1,"username":"mkesse","accepted":1},{"user_id":2,"username":"test","accepted":1}]
[2014-09-06 16:13:21.149] [INFO] ultt - serving post to /unity/db
[2014-09-06 16:13:21.149] [DEBUG] ultt - received data: method=getClassUsers&class_id=0
[2014-09-06 16:13:21.149] [DEBUG] ultt - full data received on db: {"method":"getClassUsers","class_id":"0"}
[2014-09-06 16:13:21.149] [DEBUG] ultt - get users of class with id: 0
[2014-09-06 16:13:21.149] [INFO] ultt - successful users fetching
[2014-09-06 16:13:21.149] [DEBUG] ultt - fetch result: []
[2014-09-06 16:13:22.869] [INFO] ultt - serving post to /unity/db
[2014-09-06 16:13:22.869] [DEBUG] ultt - received data: method=getClassUsers&class_id=
[2014-09-06 16:13:22.869] [DEBUG] ultt - full data received on db: {"method":"getClassUsers","class_id":""}
[2014-09-06 16:13:22.869] [ERROR] ultt - error on method getClassUsers
[2014-09-06 16:13:22.879] [ERROR] ultt - error posting to db: {"error":300}
[2014-09-06 16:13:43.639] [INFO] ultt - serving post to /unity/db
[2014-09-06 16:13:43.639] [DEBUG] ultt - received data: method=getClassTasks&class_id=
[2014-09-06 16:13:43.639] [DEBUG] ultt - full data received on db: {"method":"getClassTasks","class_id":""}
[2014-09-06 16:13:43.639] [ERROR] ultt - error on method getClassTasks
[2014-09-06 16:13:43.639] [ERROR] ultt - error posting to db: {"error":300}
[2014-09-06 16:13:45.909] [INFO] ultt - serving post to /unity/db
[2014-09-06 16:13:45.909] [DEBUG] ultt - received data: method=getClassTasks&class_id=dsf
[2014-09-06 16:13:45.909] [DEBUG] ultt - full data received on db: {"method":"getClassTasks","class_id":"dsf"}
[2014-09-06 16:13:45.909] [ERROR] ultt - error on method getClassTasks
[2014-09-06 16:13:45.909] [ERROR] ultt - error posting to db: {"error":300}
[2014-09-06 16:13:47.679] [INFO] ultt - serving post to /unity/db
[2014-09-06 16:13:47.679] [DEBUG] ultt - received data: method=getClassTasks&class_id=1
[2014-09-06 16:13:47.679] [DEBUG] ultt - full data received on db: {"method":"getClassTasks","class_id":"1"}
[2014-09-06 16:13:47.679] [DEBUG] ultt - get tasks of class with id: 1
[2014-09-06 16:13:47.689] [INFO] ultt - successful tasks fetching
[2014-09-06 16:13:47.689] [DEBUG] ultt - fetch result: [{"task_id":1,"taskname":"TestTask1","type_name":"Test"}]
[2014-09-06 16:13:56.089] [INFO] ultt - serving post to /unity/db
[2014-09-06 16:13:56.089] [DEBUG] ultt - received data: method=getClassTasks&class_id=2
[2014-09-06 16:13:56.089] [DEBUG] ultt - full data received on db: {"method":"getClassTasks","class_id":"2"}
[2014-09-06 16:13:56.089] [DEBUG] ultt - get tasks of class with id: 2
[2014-09-06 16:13:56.089] [INFO] ultt - successful tasks fetching
[2014-09-06 16:13:56.089] [DEBUG] ultt - fetch result: [{"task_id":2,"taskname":"TestTask2","type_name":"Test"}]
[2014-09-06 16:13:58.149] [INFO] ultt - serving post to /unity/db
[2014-09-06 16:13:58.149] [DEBUG] ultt - received data: method=getClassTasks&class_id=1
[2014-09-06 16:13:58.149] [DEBUG] ultt - full data received on db: {"method":"getClassTasks","class_id":"1"}
[2014-09-06 16:13:58.149] [DEBUG] ultt - get tasks of class with id: 1
[2014-09-06 16:13:58.159] [INFO] ultt - successful tasks fetching
[2014-09-06 16:13:58.159] [DEBUG] ultt - fetch result: [{"task_id":1,"taskname":"TestTask1","type_name":"Test"}]
[2014-09-12 11:11:41.878] [INFO] ultt - listening on port 80
[2014-09-12 11:11:42.883] [ERROR] ultt - error connecting to db: Error: connect ECONNREFUSED
[2014-09-16 20:49:47.013] [INFO] ultt - listening on port 80
[2014-09-16 20:49:48.023] [ERROR] ultt - error connecting to db: Error: connect ECONNREFUSED
[2014-09-16 20:49:52.583] [INFO] ultt - listening on port 80
[2014-09-16 20:49:53.103] [INFO] ultt - connected to db
[2014-09-18 20:26:05.590] [INFO] ultt - listening on port 80
[2014-09-18 20:26:05.604] [INFO] ultt - connected to db
[2014-09-18 20:26:13.231] [INFO] ultt - serving request to /
[2014-09-18 20:26:13.541] [INFO] ultt - serving request to /ultt.unity3d
[2014-09-18 20:28:27.688] [INFO] ultt - listening on port 80
[2014-09-18 20:28:27.698] [INFO] ultt - connected to db
[2014-09-18 20:41:34.159] [INFO] ultt - listening on port 80
[2014-09-18 20:41:34.164] [INFO] ultt - connected to db
[2014-09-18 20:41:49.867] [INFO] ultt - serving post to /login
[2014-09-18 20:41:49.868] [DEBUG] ultt - received login data: username=test&password=test
[2014-09-18 20:41:49.869] [DEBUG] ultt - user data received: {"username":"test","password":"test"}
[2014-09-18 20:41:49.869] [DEBUG] ultt - full data received on db: {"purpose":"get","table":"user","username":"test","password":"null","user_id":"null"}
[2014-09-18 20:41:49.869] [DEBUG] ultt - db fetch query: select password,user_id from user where username='test';
[2014-09-18 20:41:49.871] [INFO] ultt - successful db fetching
[2014-09-18 20:41:49.871] [DEBUG] ultt - fetch result: [{"password":"test","user_id":2}]
[2014-09-18 20:41:49.872] [DEBUG] ultt - password fetched: [{"password":"test","user_id":2}]
[2014-09-18 20:41:49.872] [DEBUG] ultt - input password did match db password, returning success
[2014-09-18 20:41:49.922] [INFO] ultt - serving post to /unity/db
[2014-09-18 20:41:49.923] [DEBUG] ultt - received data: method=getUser&user_id=2
[2014-09-18 20:41:49.923] [DEBUG] ultt - full data received on db: {"method":"getUser","user_id":"2"}
[2014-09-18 20:41:49.924] [DEBUG] ultt - get user with id: 2
[2014-09-18 20:41:49.925] [INFO] ultt - successful user fetching
[2014-09-18 20:41:49.925] [DEBUG] ultt - fetch result: [{"user_id":2,"token":22,"username":"test","name_first":"test","name_last":"test","email_id":"test@test","picture":"/web/image/defaulttest.jpg","created_at":"2014-09-02T22:40:31.000Z","school_id":"test"}]
[2014-09-18 20:41:49.971] [INFO] ultt - serving post to /unity/db
[2014-09-18 20:41:49.972] [DEBUG] ultt - received data: method=getTeacherClasses&user_id=2
[2014-09-18 20:41:49.973] [DEBUG] ultt - full data received on db: {"method":"getTeacherClasses","user_id":"2"}
[2014-09-18 20:41:49.973] [DEBUG] ultt - get classes of teacher user with id: 2
[2014-09-18 20:41:49.974] [INFO] ultt - successful teacher classes fetching
[2014-09-18 20:41:49.975] [DEBUG] ultt - fetch result: []
[2014-09-18 20:43:10.184] [INFO] ultt - serving request to /
[2014-09-18 20:43:10.565] [INFO] ultt - serving request to /ultt.unity3d
[2014-09-18 20:43:18.635] [INFO] ultt - serving request to /
[2014-09-18 20:43:18.985] [INFO] ultt - serving request to /ultt.unity3d
[2014-09-19 11:15:35.476] [INFO] ultt - listening on port 80
[2014-09-19 11:15:35.490] [INFO] ultt - connected to db
[2014-09-19 11:15:39.901] [INFO] ultt - serving request to /
[2014-09-19 11:15:40.131] [INFO] ultt - serving request to /ultt.unity3d
[2014-09-19 11:15:49.773] [INFO] ultt - serving post to /login
[2014-09-19 11:15:49.775] [DEBUG] ultt - received login data: username=test&password=test
[2014-09-19 11:15:49.776] [DEBUG] ultt - user data received: {"username":"test","password":"test"}
[2014-09-19 11:15:49.776] [DEBUG] ultt - full data received on db: {"purpose":"get","table":"user","username":"test","password":"null","user_id":"null"}
[2014-09-19 11:15:49.777] [DEBUG] ultt - db fetch query: select password,user_id from user where username='test';
[2014-09-19 11:15:49.780] [INFO] ultt - successful db fetching
[2014-09-19 11:15:49.780] [DEBUG] ultt - fetch result: [{"password":"test","user_id":2}]
[2014-09-19 11:15:49.781] [DEBUG] ultt - password fetched: [{"password":"test","user_id":2}]
[2014-09-19 11:15:49.781] [DEBUG] ultt - input password did match db password, returning success
[2014-09-19 11:15:49.848] [INFO] ultt - serving post to /unity/db
[2014-09-19 11:15:49.849] [DEBUG] ultt - received data: method=getUser&user_id=2
[2014-09-19 11:15:49.849] [DEBUG] ultt - full data received on db: {"method":"getUser","user_id":"2"}
[2014-09-19 11:15:49.849] [DEBUG] ultt - get user with id: 2
[2014-09-19 11:15:49.851] [INFO] ultt - successful user fetching
[2014-09-19 11:15:49.851] [DEBUG] ultt - fetch result: [{"user_id":2,"token":22,"username":"test","name_first":"test","name_last":"test","email_id":"test@test","picture":"/web/image/defaulttest.jpg","created_at":"2014-09-02T22:40:31.000Z","school_id":"test"}]
[2014-09-19 11:15:49.881] [INFO] ultt - serving post to /unity/db
[2014-09-19 11:15:49.882] [DEBUG] ultt - received data: method=getTeacherClasses&user_id=2
[2014-09-19 11:15:49.882] [DEBUG] ultt - full data received on db: {"method":"getTeacherClasses","user_id":"2"}
[2014-09-19 11:15:49.883] [DEBUG] ultt - get classes of teacher user with id: 2
[2014-09-19 11:15:49.884] [INFO] ultt - successful teacher classes fetching
[2014-09-19 11:15:49.884] [DEBUG] ultt - fetch result: []
[2014-09-19 11:16:15.712] [INFO] ultt - serving post to /unity/db
[2014-09-19 11:16:15.714] [DEBUG] ultt - received data: method=getTeacherClasses&user_id=2
[2014-09-19 11:16:15.715] [DEBUG] ultt - full data received on db: {"method":"getTeacherClasses","user_id":"2"}
[2014-09-19 11:16:15.717] [DEBUG] ultt - get classes of teacher user with id: 2
[2014-09-19 11:16:15.720] [INFO] ultt - successful teacher classes fetching
[2014-09-19 11:16:15.721] [DEBUG] ultt - fetch result: []
[2014-09-19 11:16:17.090] [INFO] ultt - serving post to /unity/db
[2014-09-19 11:16:17.091] [DEBUG] ultt - received data: method=getUserClasses&user_id=2
[2014-09-19 11:16:17.092] [DEBUG] ultt - full data received on db: {"method":"getUserClasses","user_id":"2"}
[2014-09-19 11:16:17.094] [DEBUG] ultt - get classes of user with id: 2
[2014-09-19 11:16:17.196] [INFO] ultt - successful classes fetching
[2014-09-19 11:16:17.197] [DEBUG] ultt - fetch result: [{"class_id":1,"classname":"Informatik1","privacy":null,"school_year":2014,"classcode":"gkuzdxtzjsy","subject_name":"Informatik","username":"mkesse","accepted":1},{"class_id":2,"classname":"Mathematik1","privacy":null,"school_year":2014,"classcode":"rxtzjdsjmm","subject_name":"Mathematik","username":"mkesse","accepted":0}]
[2014-09-19 11:16:18.552] [INFO] ultt - serving post to /unity/db
[2014-09-19 11:16:18.553] [DEBUG] ultt - received data: method=getTeacherClasses&user_id=2
[2014-09-19 11:16:18.553] [DEBUG] ultt - full data received on db: {"method":"getTeacherClasses","user_id":"2"}
[2014-09-19 11:16:18.554] [DEBUG] ultt - get classes of teacher user with id: 2
[2014-09-19 11:16:18.556] [INFO] ultt - successful teacher classes fetching
[2014-09-19 11:16:18.556] [DEBUG] ultt - fetch result: []
[2014-09-19 11:16:21.336] [INFO] ultt - serving post to /unity/db
[2014-09-19 11:16:21.337] [DEBUG] ultt - received data: method=getUserClasses&user_id=2
[2014-09-19 11:16:21.338] [DEBUG] ultt - full data received on db: {"method":"getUserClasses","user_id":"2"}
[2014-09-19 11:16:21.339] [DEBUG] ultt - get classes of user with id: 2
[2014-09-19 11:16:21.341] [INFO] ultt - successful classes fetching
[2014-09-19 11:16:21.341] [DEBUG] ultt - fetch result: [{"class_id":1,"classname":"Informatik1","privacy":null,"school_year":2014,"classcode":"gkuzdxtzjsy","subject_name":"Informatik","username":"mkesse","accepted":1},{"class_id":2,"classname":"Mathematik1","privacy":null,"school_year":2014,"classcode":"rxtzjdsjmm","subject_name":"Mathematik","username":"mkesse","accepted":0}]
[2014-09-19 11:16:21.820] [INFO] ultt - serving post to /unity/db
[2014-09-19 11:16:21.820] [DEBUG] ultt - received data: method=getTeacherClasses&user_id=2
[2014-09-19 11:16:21.821] [DEBUG] ultt - full data received on db: {"method":"getTeacherClasses","user_id":"2"}
[2014-09-19 11:16:21.821] [DEBUG] ultt - get classes of teacher user with id: 2
[2014-09-19 11:16:21.824] [INFO] ultt - successful teacher classes fetching
[2014-09-19 11:16:21.826] [DEBUG] ultt - fetch result: []
[2014-09-19 11:16:26.497] [INFO] ultt - serving post to /unity/db
[2014-09-19 11:16:26.498] [DEBUG] ultt - received data: method=getUserClasses&user_id=2
[2014-09-19 11:16:26.500] [DEBUG] ultt - full data received on db: {"method":"getUserClasses","user_id":"2"}
[2014-09-19 11:16:26.501] [DEBUG] ultt - get classes of user with id: 2
[2014-09-19 11:16:26.504] [INFO] ultt - successful classes fetching
[2014-09-19 11:16:26.505] [DEBUG] ultt - fetch result: [{"class_id":1,"classname":"Informatik1","privacy":null,"school_year":2014,"classcode":"gkuzdxtzjsy","subject_name":"Informatik","username":"mkesse","accepted":1},{"class_id":2,"classname":"Mathematik1","privacy":null,"school_year":2014,"classcode":"rxtzjdsjmm","subject_name":"Mathematik","username":"mkesse","accepted":0}]
[2014-09-19 11:16:26.869] [INFO] ultt - serving post to /unity/db
[2014-09-19 11:16:26.870] [DEBUG] ultt - received data: method=getTeacherClasses&user_id=2
[2014-09-19 11:16:26.871] [DEBUG] ultt - full data received on db: {"method":"getTeacherClasses","user_id":"2"}
[2014-09-19 11:16:26.874] [DEBUG] ultt - get classes of teacher user with id: 2
[2014-09-19 11:16:26.877] [INFO] ultt - successful teacher classes fetching
[2014-09-19 11:16:26.880] [DEBUG] ultt - fetch result: []
[2014-09-19 11:17:51.468] [INFO] ultt - serving request to /
[2014-09-19 11:17:51.680] [INFO] ultt - serving request to /ultt.unity3d
[2014-09-19 11:18:04.487] [INFO] ultt - serving post to /login
[2014-09-19 11:18:04.488] [DEBUG] ultt - received login data: username=mkesse&password=pass
[2014-09-19 11:18:04.489] [DEBUG] ultt - user data received: {"username":"mkesse","password":"pass"}
[2014-09-19 11:18:04.490] [DEBUG] ultt - full data received on db: {"purpose":"get","table":"user","username":"mkesse","password":"null","user_id":"null"}
[2014-09-19 11:18:04.491] [DEBUG] ultt - db fetch query: select password,user_id from user where username='mkesse';
[2014-09-19 11:18:04.492] [INFO] ultt - successful db fetching
[2014-09-19 11:18:04.493] [DEBUG] ultt - fetch result: [{"password":"password","user_id":1}]
[2014-09-19 11:18:04.494] [DEBUG] ultt - password fetched: [{"password":"password","user_id":1}]
[2014-09-19 11:18:04.494] [DEBUG] ultt - input password did not match db password, returning failure
[2014-09-19 11:18:04.573] [INFO] ultt - serving post to /unity/db
[2014-09-19 11:18:04.574] [DEBUG] ultt - received data: method=getUser&user_id=101
[2014-09-19 11:18:04.574] [DEBUG] ultt - full data received on db: {"method":"getUser","user_id":"101"}
[2014-09-19 11:18:04.575] [DEBUG] ultt - get user with id: 101
[2014-09-19 11:18:04.575] [INFO] ultt - successful user fetching
[2014-09-19 11:18:04.576] [DEBUG] ultt - fetch result: []
[2014-09-19 11:18:05.751] [INFO] ultt - serving post to /unity/db
[2014-09-19 11:18:05.753] [DEBUG] ultt - received data: method=getTeacherClasses&user_id=101
[2014-09-19 11:18:05.755] [DEBUG] ultt - full data received on db: {"method":"getTeacherClasses","user_id":"101"}
[2014-09-19 11:18:05.757] [DEBUG] ultt - get classes of teacher user with id: 101
[2014-09-19 11:18:05.770] [INFO] ultt - successful teacher classes fetching
[2014-09-19 11:18:05.772] [DEBUG] ultt - fetch result: []
[2014-09-19 11:18:06.424] [INFO] ultt - serving post to /unity/db
[2014-09-19 11:18:06.425] [DEBUG] ultt - received data: method=getUserClasses&user_id=101
[2014-09-19 11:18:06.425] [DEBUG] ultt - full data received on db: {"method":"getUserClasses","user_id":"101"}
[2014-09-19 11:18:06.426] [DEBUG] ultt - get classes of user with id: 101
[2014-09-19 11:18:06.428] [INFO] ultt - successful classes fetching
[2014-09-19 11:18:06.428] [DEBUG] ultt - fetch result: []
[2014-09-19 11:18:08.992] [INFO] ultt - serving post to /unity/db
[2014-09-19 11:18:08.995] [DEBUG] ultt - received data: method=getTeacherClasses&user_id=101
[2014-09-19 11:18:08.996] [DEBUG] ultt - full data received on db: {"method":"getTeacherClasses","user_id":"101"}
[2014-09-19 11:18:08.998] [DEBUG] ultt - get classes of teacher user with id: 101
[2014-09-19 11:18:09.000] [INFO] ultt - successful teacher classes fetching
[2014-09-19 11:18:09.000] [DEBUG] ultt - fetch result: []
[2014-09-24 16:13:08.506] [INFO] ultt - listening on port 80
[2014-09-24 16:13:09.510] [ERROR] ultt - error connecting to db: Error: connect ECONNREFUSED
[2014-09-26 11:16:52.181] [INFO] ultt - listening on port 80
[2014-09-26 11:16:52.191] [INFO] ultt - connected to db
[2014-09-26 11:22:21.312] [INFO] ultt - serving post to /unity/db
[2014-09-26 11:22:21.312] [DEBUG] ultt - received data: method=getUser&user_id=1
[2014-09-26 11:22:21.312] [DEBUG] ultt - full data received on db: {"method":"getUser","user_id":"1"}
[2014-09-26 11:22:21.312] [DEBUG] ultt - get user with id: 1
[2014-09-26 11:22:21.312] [INFO] ultt - successful user fetching
[2014-09-26 11:22:21.312] [DEBUG] ultt - fetch result: [{"user_id":1,"token":66,"username":"mkesse","name_first":"Max","name_last":"Kesselbacher","email_id":"mkesse@gmx.at","picture":"/web/image/default.jpg","created_at":"2014-08-27T17:40:24.000Z","school_id":"10"}]
[2014-09-26 11:22:56.034] [INFO] ultt - serving post to /unity/db
[2014-09-26 11:22:56.034] [DEBUG] ultt - received data: method=getUser&user_id=12
[2014-09-26 11:22:56.034] [DEBUG] ultt - full data received on db: {"method":"getUser","user_id":"12"}
[2014-09-26 11:22:56.034] [DEBUG] ultt - get user with id: 12
[2014-09-26 11:22:56.034] [INFO] ultt - successful user fetching
[2014-09-26 11:22:56.034] [DEBUG] ultt - fetch result: []
[2014-09-26 11:23:05.604] [INFO] ultt - serving post to /unity/db
[2014-09-26 11:23:05.604] [DEBUG] ultt - received data: method=getUser&user_id=12d
[2014-09-26 11:23:05.604] [DEBUG] ultt - full data received on db: {"method":"getUser","user_id":"12d"}
[2014-09-26 11:23:05.604] [ERROR] ultt - error on method getUser
[2014-09-26 11:23:05.614] [ERROR] ultt - error posting to db: {"error":300}
[2014-09-26 11:23:17.424] [INFO] ultt - serving post to /unity/db
[2014-09-26 11:23:17.424] [DEBUG] ultt - received data: method=getUser&user_id=
[2014-09-26 11:23:17.424] [DEBUG] ultt - full data received on db: {"method":"getUser","user_id":""}
[2014-09-26 11:23:17.424] [DEBUG] ultt - get user with id: 
[2014-09-26 11:23:17.434] [ERROR] ultt - error on method getUser
[2014-09-26 11:23:17.434] [ERROR] ultt - error posting to db: Error: ER_PARSE_ERROR: You have an error in your SQL syntax; check the manual that corresponds to your MySQL server version for the right syntax to use near '' at line 1
[2014-09-26 11:23:55.196] [INFO] ultt - listening on port 80
[2014-09-26 11:23:55.206] [INFO] ultt - connected to db
[2014-09-26 11:23:56.976] [INFO] ultt - serving post to /unity/db
[2014-09-26 11:23:56.986] [DEBUG] ultt - received data: method=getUser&user_id=
[2014-09-26 11:23:56.986] [DEBUG] ultt - full data received on db: {"method":"getUser","user_id":""}
[2014-09-26 11:23:56.986] [ERROR] ultt - error on method getUser
[2014-09-26 11:23:56.986] [ERROR] ultt - error posting to db: {"error":300}
[2014-09-26 11:25:06.877] [INFO] ultt - serving post to /unity/db
[2014-09-26 11:25:06.880] [DEBUG] ultt - received data: method=getUser&user_id=%21%22%24%c2%a7%25%c2%a7
[2014-09-26 11:25:06.882] [DEBUG] ultt - full data received on db: {"method":"getUser","user_id":"%21%22%24%c2%a7%25%c2%a7"}
[2014-09-26 11:25:06.884] [ERROR] ultt - error on method getUser
[2014-09-26 11:25:06.886] [ERROR] ultt - error posting to db: {"error":300}
[2014-09-26 11:25:14.082] [INFO] ultt - serving post to /unity/db
[2014-09-26 11:25:14.084] [DEBUG] ultt - received data: method=getUser&user_id=
[2014-09-26 11:25:14.085] [DEBUG] ultt - full data received on db: {"method":"getUser","user_id":""}
[2014-09-26 11:25:14.086] [ERROR] ultt - error on method getUser
[2014-09-26 11:25:14.087] [ERROR] ultt - error posting to db: {"error":300}
[2014-09-26 11:25:17.844] [INFO] ultt - serving post to /unity/db
[2014-09-26 11:25:17.848] [DEBUG] ultt - received data: method=getUser&user_id=2
[2014-09-26 11:25:17.849] [DEBUG] ultt - full data received on db: {"method":"getUser","user_id":"2"}
[2014-09-26 11:25:17.851] [DEBUG] ultt - get user with id: 2
[2014-09-26 11:25:17.858] [INFO] ultt - successful user fetching
[2014-09-26 11:25:17.859] [DEBUG] ultt - fetch result: [{"user_id":2,"token":22,"username":"test","name_first":"test","name_last":"test","email_id":"test@test","picture":"/web/image/defaulttest.jpg","created_at":"2014-09-02T22:40:31.000Z","school_id":"test"}]
[2014-09-26 11:25:54.801] [INFO] ultt - serving post to /unity/db
[2014-09-26 11:25:54.801] [DEBUG] ultt - received data: method=getUserClasses&user_id=1
[2014-09-26 11:25:54.801] [DEBUG] ultt - full data received on db: {"method":"getUserClasses","user_id":"1"}
[2014-09-26 11:25:54.801] [DEBUG] ultt - get classes of user with id: 1
[2014-09-26 11:25:54.861] [INFO] ultt - successful classes fetching
[2014-09-26 11:25:54.861] [DEBUG] ultt - fetch result: [{"class_id":1,"classname":"Informatik1","privacy":null,"school_year":2014,"classcode":"gkuzdxtzjsy","subject_name":"Informatik","username":"mkesse","accepted":1},{"class_id":2,"classname":"Mathematik1","privacy":null,"school_year":2014,"classcode":"rxtzjdsjmm","subject_name":"Mathematik","username":"mkesse","accepted":1}]
[2014-09-26 11:26:04.081] [INFO] ultt - serving post to /unity/db
[2014-09-26 11:26:04.081] [DEBUG] ultt - received data: method=getUserClasses&user_id=12
[2014-09-26 11:26:04.081] [DEBUG] ultt - full data received on db: {"method":"getUserClasses","user_id":"12"}
[2014-09-26 11:26:04.081] [DEBUG] ultt - get classes of user with id: 12
[2014-09-26 11:26:04.081] [INFO] ultt - successful classes fetching
[2014-09-26 11:26:04.081] [DEBUG] ultt - fetch result: []
[2014-09-26 11:26:05.981] [INFO] ultt - serving post to /unity/db
[2014-09-26 11:26:05.981] [DEBUG] ultt - received data: method=getUserClasses&user_id=2
[2014-09-26 11:26:05.981] [DEBUG] ultt - full data received on db: {"method":"getUserClasses","user_id":"2"}
[2014-09-26 11:26:05.981] [DEBUG] ultt - get classes of user with id: 2
[2014-09-26 11:26:05.981] [INFO] ultt - successful classes fetching
[2014-09-26 11:26:05.981] [DEBUG] ultt - fetch result: [{"class_id":1,"classname":"Informatik1","privacy":null,"school_year":2014,"classcode":"gkuzdxtzjsy","subject_name":"Informatik","username":"mkesse","accepted":1},{"class_id":2,"classname":"Mathematik1","privacy":null,"school_year":2014,"classcode":"rxtzjdsjmm","subject_name":"Mathematik","username":"mkesse","accepted":0}]
[2014-09-26 11:26:08.151] [INFO] ultt - serving post to /unity/db
[2014-09-26 11:26:08.151] [DEBUG] ultt - received data: method=getUserClasses&user_id=asdf
[2014-09-26 11:26:08.151] [DEBUG] ultt - full data received on db: {"method":"getUserClasses","user_id":"asdf"}
[2014-09-26 11:26:08.151] [ERROR] ultt - error on method getUserClasses
[2014-09-26 11:26:08.151] [ERROR] ultt - error posting to db: {"error":300}
[2014-09-26 11:26:10.221] [INFO] ultt - serving post to /unity/db
[2014-09-26 11:26:10.221] [DEBUG] ultt - received data: method=getUserClasses&user_id=
[2014-09-26 11:26:10.221] [DEBUG] ultt - full data received on db: {"method":"getUserClasses","user_id":""}
[2014-09-26 11:26:10.221] [ERROR] ultt - error on method getUserClasses
[2014-09-26 11:26:10.221] [ERROR] ultt - error posting to db: {"error":300}
[2014-09-26 11:26:11.771] [INFO] ultt - serving post to /unity/db
[2014-09-26 11:26:11.771] [DEBUG] ultt - received data: method=getUserClasses&user_id=1
[2014-09-26 11:26:11.771] [DEBUG] ultt - full data received on db: {"method":"getUserClasses","user_id":"1"}
[2014-09-26 11:26:11.771] [DEBUG] ultt - get classes of user with id: 1
[2014-09-26 11:26:11.771] [INFO] ultt - successful classes fetching
[2014-09-26 11:26:11.771] [DEBUG] ultt - fetch result: [{"class_id":1,"classname":"Informatik1","privacy":null,"school_year":2014,"classcode":"gkuzdxtzjsy","subject_name":"Informatik","username":"mkesse","accepted":1},{"class_id":2,"classname":"Mathematik1","privacy":null,"school_year":2014,"classcode":"rxtzjdsjmm","subject_name":"Mathematik","username":"mkesse","accepted":1}]
[2014-09-26 11:26:57.941] [INFO] ultt - serving post to /unity/db
[2014-09-26 11:26:57.941] [DEBUG] ultt - received data: method=getTeacherClasses&user_id=1
[2014-09-26 11:26:57.941] [DEBUG] ultt - full data received on db: {"method":"getTeacherClasses","user_id":"1"}
[2014-09-26 11:26:57.941] [DEBUG] ultt - get classes of teacher user with id: 1
[2014-09-26 11:26:57.941] [INFO] ultt - successful teacher classes fetching
[2014-09-26 11:26:57.941] [DEBUG] ultt - fetch result: [{"class_id":1,"classname":"Informatik1","privacy":null,"school_year":2014,"classcode":"gkuzdxtzjsy","subject_name":"Informatik"},{"class_id":2,"classname":"Mathematik1","privacy":null,"school_year":2014,"classcode":"rxtzjdsjmm","subject_name":"Mathematik"}]
[2014-09-26 11:26:59.851] [INFO] ultt - serving post to /unity/db
[2014-09-26 11:26:59.851] [DEBUG] ultt - received data: method=getTeacherClasses&user_id=2
[2014-09-26 11:26:59.851] [DEBUG] ultt - full data received on db: {"method":"getTeacherClasses","user_id":"2"}
[2014-09-26 11:26:59.851] [DEBUG] ultt - get classes of teacher user with id: 2
[2014-09-26 11:26:59.861] [INFO] ultt - successful teacher classes fetching
[2014-09-26 11:26:59.861] [DEBUG] ultt - fetch result: []
[2014-09-26 11:27:01.741] [INFO] ultt - serving post to /unity/db
[2014-09-26 11:27:01.741] [DEBUG] ultt - received data: method=getTeacherClasses&user_id=1
[2014-09-26 11:27:01.741] [DEBUG] ultt - full data received on db: {"method":"getTeacherClasses","user_id":"1"}
[2014-09-26 11:27:01.741] [DEBUG] ultt - get classes of teacher user with id: 1
[2014-09-26 11:27:01.741] [INFO] ultt - successful teacher classes fetching
[2014-09-26 11:27:01.741] [DEBUG] ultt - fetch result: [{"class_id":1,"classname":"Informatik1","privacy":null,"school_year":2014,"classcode":"gkuzdxtzjsy","subject_name":"Informatik"},{"class_id":2,"classname":"Mathematik1","privacy":null,"school_year":2014,"classcode":"rxtzjdsjmm","subject_name":"Mathematik"}]
[2014-09-26 11:28:13.787] [INFO] ultt - listening on port 80
[2014-09-26 11:28:13.792] [INFO] ultt - connected to db
[2014-09-26 11:28:36.789] [INFO] ultt - serving post to /unity/db
[2014-09-26 11:28:36.791] [DEBUG] ultt - received data: method=registerUserToClass&user_id=3&classcode=adf
[2014-09-26 11:28:36.791] [DEBUG] ultt - full data received on db: {"method":"registerUserToClass","user_id":"3","classcode":"adf"}
[2014-09-26 11:28:36.793] [DEBUG] ultt - no class_id found for classcode: adf
[2014-09-26 11:28:36.794] [ERROR] ultt - error on method registerUserToClass
[2014-09-26 11:28:36.794] [ERROR] ultt - error posting to db: {"error":301}
[2014-09-26 11:29:09.547] [INFO] ultt - serving post to /unity/db
[2014-09-26 11:29:09.549] [DEBUG] ultt - received data: method=registerUserToClass&user_id=3&classcode=gkuzdxtzjsy
[2014-09-26 11:29:09.550] [DEBUG] ultt - full data received on db: {"method":"registerUserToClass","user_id":"3","classcode":"gkuzdxtzjsy"}
[2014-09-26 11:29:09.554] [DEBUG] ultt - class_id 1 found for classcode gkuzdxtzjsy
[2014-09-26 11:29:09.555] [DEBUG] ultt - write user_id 3 and class_id 1 to user_is_in_class relationship
[2014-09-26 11:29:09.565] [ERROR] ultt - error on method registerUserToClass
[2014-09-26 11:29:09.566] [ERROR] ultt - error posting to db: Error: ER_NO_REFERENCED_ROW_: Cannot add or update a child row: a foreign key constraint fails (`ultt`.`user_is_in_class`, CONSTRAINT `fk_user_has_class_user1` FOREIGN KEY (`user_id`) REFERENCES `user` (`user_id`) ON DELETE NO ACTION ON UPDATE NO ACTION)
[2014-09-26 11:29:33.048] [INFO] ultt - serving post to /unity/db
[2014-09-26 11:29:33.050] [DEBUG] ultt - received data: method=registerUserToClass&user_id=2&classcode=gkuzdxtzjsy
[2014-09-26 11:29:33.052] [DEBUG] ultt - full data received on db: {"method":"registerUserToClass","user_id":"2","classcode":"gkuzdxtzjsy"}
[2014-09-26 11:29:33.053] [DEBUG] ultt - class_id 1 found for classcode gkuzdxtzjsy
[2014-09-26 11:29:33.054] [DEBUG] ultt - write user_id 2 and class_id 1 to user_is_in_class relationship
[2014-09-26 11:29:33.058] [ERROR] ultt - error on method registerUserToClass
[2014-09-26 11:29:33.059] [ERROR] ultt - error posting to db: Error: ER_DUP_ENTRY: Duplicate entry '2-1' for key 'PRIMARY'
[2014-09-26 11:36:36.826] [INFO] ultt - listening on port 80
[2014-09-26 11:36:36.836] [INFO] ultt - connected to db
[2014-09-26 11:36:40.088] [INFO] ultt - serving post to /unity/db
[2014-09-26 11:36:40.088] [DEBUG] ultt - received data: method=registerUserToClass&user_id=2&classcode=gkuzdxtzjsy
[2014-09-26 11:36:40.098] [DEBUG] ultt - full data received on db: {"method":"registerUserToClass","user_id":"2","classcode":"gkuzdxtzjsy"}
[2014-09-26 11:36:40.098] [DEBUG] ultt - class_id 1 found for classcode gkuzdxtzjsy
[2014-09-26 11:36:40.108] [ERROR] ultt - error on method registerUserToClass
[2014-09-26 11:36:40.108] [ERROR] ultt - error posting to db: Error: ER_PARSE_ERROR: You have an error in your SQL syntax; check the manual that corresponds to your MySQL server version for the right syntax to use near '-is_in_class where user_id = 2 and class_id = 1' at line 1
[2014-09-26 11:36:57.248] [INFO] ultt - listening on port 80
[2014-09-26 11:36:57.258] [INFO] ultt - connected to db
[2014-09-26 11:36:59.998] [INFO] ultt - serving post to /unity/db
[2014-09-26 11:37:00.008] [DEBUG] ultt - received data: method=registerUserToClass&user_id=2&classcode=gkuzdxtzjsy
[2014-09-26 11:37:00.008] [DEBUG] ultt - full data received on db: {"method":"registerUserToClass","user_id":"2","classcode":"gkuzdxtzjsy"}
[2014-09-26 11:37:00.018] [DEBUG] ultt - class_id 1 found for classcode gkuzdxtzjsy
[2014-09-26 11:37:00.018] [ERROR] ultt - error on method registerUserToClass
[2014-09-26 11:37:00.018] [ERROR] ultt - error posting to db: {"error":302}
[2014-09-26 11:37:54.400] [INFO] ultt - serving post to /unity/db
[2014-09-26 11:37:54.400] [DEBUG] ultt - received data: method=registerUserToClass&user_id=1&classcode=gkuzdxtzjsy
[2014-09-26 11:37:54.400] [DEBUG] ultt - full data received on db: {"method":"registerUserToClass","user_id":"1","classcode":"gkuzdxtzjsy"}
[2014-09-26 11:37:54.400] [DEBUG] ultt - class_id 1 found for classcode gkuzdxtzjsy
[2014-09-26 11:37:54.400] [ERROR] ultt - error on method registerUserToClass
[2014-09-26 11:37:54.400] [ERROR] ultt - error posting to db: {"error":302}
[2014-09-26 11:38:01.670] [INFO] ultt - serving post to /unity/db
[2014-09-26 11:38:01.670] [DEBUG] ultt - received data: method=registerUserToClass&user_id=3&classcode=gkuzdxtzjsy
[2014-09-26 11:38:01.670] [DEBUG] ultt - full data received on db: {"method":"registerUserToClass","user_id":"3","classcode":"gkuzdxtzjsy"}
[2014-09-26 11:38:01.670] [DEBUG] ultt - class_id 1 found for classcode gkuzdxtzjsy
[2014-09-26 11:38:01.680] [DEBUG] ultt - write user_id 3 and class_id 1 to user_is_in_class relationship
[2014-09-26 11:38:01.690] [ERROR] ultt - error on method registerUserToClass
[2014-09-26 11:38:01.690] [ERROR] ultt - error posting to db: Error: ER_NO_REFERENCED_ROW_: Cannot add or update a child row: a foreign key constraint fails (`ultt`.`user_is_in_class`, CONSTRAINT `fk_user_has_class_user1` FOREIGN KEY (`user_id`) REFERENCES `user` (`user_id`) ON DELETE NO ACTION ON UPDATE NO ACTION)
[2014-09-26 11:40:42.926] [INFO] ultt - listening on port 80
[2014-09-26 11:40:42.931] [INFO] ultt - connected to db
[2014-09-26 11:40:44.952] [INFO] ultt - serving post to /unity/db
[2014-09-26 11:40:44.954] [DEBUG] ultt - received data: method=registerUserToClass&user_id=3&classcode=gkuzdxtzjsy
[2014-09-26 11:40:44.956] [DEBUG] ultt - full data received on db: {"method":"registerUserToClass","user_id":"3","classcode":"gkuzdxtzjsy"}
[2014-09-26 11:40:44.960] [DEBUG] ultt - class_id 1 found for classcode gkuzdxtzjsy
[2014-09-26 11:40:44.962] [DEBUG] ultt - write user_id 3 and class_id 1 to user_is_in_class relationship
[2014-09-26 11:40:45.014] [INFO] ultt - successful registered user to class
[2014-09-26 11:41:55.382] [INFO] ultt - listening on port 80
[2014-09-26 11:41:55.387] [INFO] ultt - connected to db
[2014-09-26 11:42:10.567] [INFO] ultt - serving post to /unity/db
[2014-09-26 11:42:10.569] [DEBUG] ultt - received data: method=acceptUserInClass&user_id=3&class_id=1
[2014-09-26 11:42:10.570] [DEBUG] ultt - full data received on db: {"method":"acceptUserInClass","user_id":"3","class_id":"1"}
[2014-09-26 11:42:10.570] [DEBUG] ultt - accepting user_id 3 into class_id 1
[2014-09-26 11:42:10.574] [ERROR] ultt - error on method acceptUserInClass
[2014-09-26 11:42:10.575] [ERROR] ultt - error posting to db: Error: ER_PARSE_ERROR: You have an error in your SQL syntax; check the manual that corresponds to your MySQL server version for the right syntax to use near ' `class_id` = '1'' at line 1
[2014-09-26 11:46:35.086] [INFO] ultt - listening on port 80
[2014-09-26 11:46:35.086] [INFO] ultt - connected to db
[2014-09-26 11:46:37.336] [INFO] ultt - serving post to /unity/db
[2014-09-26 11:46:37.346] [DEBUG] ultt - received data: method=acceptUserInClass&user_id=3&class_id=1
[2014-09-26 11:46:37.346] [DEBUG] ultt - full data received on db: {"method":"acceptUserInClass","user_id":"3","class_id":"1"}
[2014-09-26 11:46:37.346] [DEBUG] ultt - accepting user_id 3 into class_id 1
[2014-09-26 11:46:37.356] [ERROR] ultt - error on method acceptUserInClass
[2014-09-26 11:46:37.356] [ERROR] ultt - error posting to db: Error: ER_PARSE_ERROR: You have an error in your SQL syntax; check the manual that corresponds to your MySQL server version for the right syntax to use near ' `class_id` = '1'' at line 1
[2014-09-26 11:55:02.173] [INFO] ultt - listening on port 80
[2014-09-26 11:55:02.173] [INFO] ultt - connected to db
[2014-09-26 11:55:04.523] [INFO] ultt - serving post to /unity/db
[2014-09-26 11:55:04.523] [DEBUG] ultt - received data: method=acceptUserInClass&user_id=3&class_id=1
[2014-09-26 11:55:04.523] [DEBUG] ultt - full data received on db: {"method":"acceptUserInClass","user_id":"3","class_id":"1"}
[2014-09-26 11:55:04.523] [DEBUG] ultt - accepting user_id 3 into class_id 1
[2014-09-26 11:55:04.603] [DEBUG] ultt - db response: [object Object]
[2014-09-26 11:55:04.603] [INFO] ultt - successful accepted user to class
[2014-09-26 11:55:30.623] [INFO] ultt - serving post to /unity/db
[2014-09-26 11:55:30.623] [DEBUG] ultt - received data: method=acceptUserInClass&user_id=3&class_id=1
[2014-09-26 11:55:30.623] [DEBUG] ultt - full data received on db: {"method":"acceptUserInClass","user_id":"3","class_id":"1"}
[2014-09-26 11:55:30.623] [DEBUG] ultt - accepting user_id 3 into class_id 1
[2014-09-26 11:55:30.673] [DEBUG] ultt - db response: [object Object]
[2014-09-26 11:55:30.673] [INFO] ultt - successful accepted user to class
[2014-09-26 11:55:36.085] [INFO] ultt - listening on port 80
[2014-09-26 11:55:36.095] [INFO] ultt - connected to db
[2014-09-26 11:55:37.935] [INFO] ultt - serving post to /unity/db
[2014-09-26 11:55:37.935] [DEBUG] ultt - received data: method=acceptUserInClass&user_id=3&class_id=1
[2014-09-26 11:55:37.935] [DEBUG] ultt - full data received on db: {"method":"acceptUserInClass","user_id":"3","class_id":"1"}
[2014-09-26 11:55:37.945] [DEBUG] ultt - accepting user_id 3 into class_id 1
[2014-09-26 11:55:37.975] [DEBUG] ultt - db response: {"fieldCount":0,"affectedRows":1,"insertId":0,"serverStatus":2,"warningCount":0,"message":"(Rows matched: 1  Changed: 0  Warnings: 0","protocol41":true,"changedRows":0}
[2014-09-26 11:55:37.985] [INFO] ultt - successful accepted user to class
[2014-09-26 11:56:01.565] [INFO] ultt - serving post to /unity/db
[2014-09-26 11:56:01.565] [DEBUG] ultt - received data: method=acceptUserInClass&user_id=3&class_id=2
[2014-09-26 11:56:01.565] [DEBUG] ultt - full data received on db: {"method":"acceptUserInClass","user_id":"3","class_id":"2"}
[2014-09-26 11:56:01.565] [ERROR] ultt - error on method acceptUserInClass
[2014-09-26 11:56:01.565] [ERROR] ultt - error posting to db: {"error":303}
[2014-09-26 11:56:08.325] [INFO] ultt - serving post to /unity/db
[2014-09-26 11:56:08.325] [DEBUG] ultt - received data: method=acceptUserInClass&user_id=31&class_id=2
[2014-09-26 11:56:08.325] [DEBUG] ultt - full data received on db: {"method":"acceptUserInClass","user_id":"31","class_id":"2"}
[2014-09-26 11:56:08.325] [ERROR] ultt - error on method acceptUserInClass
[2014-09-26 11:56:08.325] [ERROR] ultt - error posting to db: {"error":303}
[2014-09-26 11:56:17.085] [INFO] ultt - serving post to /unity/db
[2014-09-26 11:56:17.085] [DEBUG] ultt - received data: method=acceptUserInClass&user_id=31dsaf&class_id=2
[2014-09-26 11:56:17.085] [DEBUG] ultt - full data received on db: {"method":"acceptUserInClass","user_id":"31dsaf","class_id":"2"}
[2014-09-26 11:56:17.085] [ERROR] ultt - error on method acceptUserInClass
[2014-09-26 11:56:17.085] [ERROR] ultt - error posting to db: {"error":300}
[2014-09-26 11:56:20.785] [INFO] ultt - serving post to /unity/db
[2014-09-26 11:56:20.785] [DEBUG] ultt - received data: method=acceptUserInClass&user_id=31dsaf&class_id=adsf
[2014-09-26 11:56:20.785] [DEBUG] ultt - full data received on db: {"method":"acceptUserInClass","user_id":"31dsaf","class_id":"adsf"}
[2014-09-26 11:56:20.785] [ERROR] ultt - error on method acceptUserInClass
[2014-09-26 11:56:20.785] [ERROR] ultt - error posting to db: {"error":300}
[2014-09-26 11:56:22.595] [INFO] ultt - serving post to /unity/db
[2014-09-26 11:56:22.595] [DEBUG] ultt - received data: method=acceptUserInClass&user_id=1&class_id=adsf
[2014-09-26 11:56:22.595] [DEBUG] ultt - full data received on db: {"method":"acceptUserInClass","user_id":"1","class_id":"adsf"}
[2014-09-26 11:56:22.595] [ERROR] ultt - error on method acceptUserInClass
[2014-09-26 11:56:22.595] [ERROR] ultt - error posting to db: {"error":300}
[2014-09-26 11:56:25.395] [INFO] ultt - serving post to /unity/db
[2014-09-26 11:56:25.395] [DEBUG] ultt - received data: method=acceptUserInClass&user_id=1&class_id=1
[2014-09-26 11:56:25.395] [DEBUG] ultt - full data received on db: {"method":"acceptUserInClass","user_id":"1","class_id":"1"}
[2014-09-26 11:56:25.395] [DEBUG] ultt - accepting user_id 1 into class_id 1
[2014-09-26 11:56:25.425] [DEBUG] ultt - db response: {"fieldCount":0,"affectedRows":1,"insertId":0,"serverStatus":2,"warningCount":0,"message":"(Rows matched: 1  Changed: 0  Warnings: 0","protocol41":true,"changedRows":0}
[2014-09-26 11:56:25.425] [INFO] ultt - successful accepted user to class
[2014-09-26 11:57:36.197] [INFO] ultt - listening on port 80
[2014-09-26 11:57:36.207] [INFO] ultt - connected to db
[2014-09-26 11:59:33.981] [INFO] ultt - listening on port 80
[2014-09-26 11:59:33.987] [INFO] ultt - connected to db
[2014-09-26 11:59:54.168] [INFO] ultt - serving post to /unity/db
[2014-09-26 11:59:54.170] [DEBUG] ultt - received data: method=acceptUserInClass&classname=testclass1&user_id=1&subject_id=1&school_year=2015
[2014-09-26 11:59:54.171] [DEBUG] ultt - full data received on db: {"method":"acceptUserInClass","classname":"testclass1","user_id":"1","subject_id":"1","school_year":"2015"}
[2014-09-26 11:59:54.171] [ERROR] ultt - error on method acceptUserInClass
[2014-09-26 11:59:54.172] [ERROR] ultt - error posting to db: {"error":300}
[2014-09-26 12:00:49.449] [INFO] ultt - serving post to /unity/db
[2014-09-26 12:00:49.449] [DEBUG] ultt - received data: method=createClass&classname=testclass1&user_id=3&subject_id=1&school_year=2015
[2014-09-26 12:00:49.449] [DEBUG] ultt - full data received on db: {"method":"createClass","classname":"testclass1","user_id":"3","subject_id":"1","school_year":"2015"}
[2014-09-26 12:01:22.119] [INFO] ultt - listening on port 80
[2014-09-26 12:01:22.129] [INFO] ultt - connected to db
[2014-09-26 12:01:25.689] [INFO] ultt - serving post to /unity/db
[2014-09-26 12:01:25.699] [DEBUG] ultt - received data: method=createClass&classname=testclass1&user_id=3&subject_id=1&school_year=2015
[2014-09-26 12:01:25.699] [DEBUG] ultt - full data received on db: {"method":"createClass","classname":"testclass1","user_id":"3","subject_id":"1","school_year":"2015"}
[2014-09-26 12:02:30.621] [INFO] ultt - listening on port 80
[2014-09-26 12:02:30.621] [INFO] ultt - connected to db
[2014-09-26 12:02:50.503] [INFO] ultt - serving post to /unity/db
[2014-09-26 12:02:50.503] [DEBUG] ultt - received data: method=createClass&classname=testclass1&user_id=3&subject_id=1&school_year=2015
[2014-09-26 12:02:50.503] [DEBUG] ultt - full data received on db: {"method":"createClass","classname":"testclass1","user_id":"3","subject_id":"1","school_year":"2015"}
[2014-09-26 12:08:19.613] [INFO] ultt - listening on port 80
[2014-09-26 12:08:19.623] [INFO] ultt - connected to db
[2014-09-26 12:09:37.734] [INFO] ultt - serving post to /unity/db
[2014-09-26 12:09:37.734] [DEBUG] ultt - received data: method=createClass&classname=testclass1&user_id=3&subject_id=1&school_year=2015
[2014-09-26 12:09:37.734] [DEBUG] ultt - full data received on db: {"method":"createClass","classname":"testclass1","user_id":"3","subject_id":"1","school_year":"2015"}
[2014-09-26 12:11:44.978] [INFO] ultt - listening on port 80
[2014-09-26 12:11:44.978] [INFO] ultt - connected to db
[2014-09-26 12:11:47.488] [INFO] ultt - serving post to /unity/db
[2014-09-26 12:11:47.488] [DEBUG] ultt - received data: method=createClass&classname=testclass1&user_id=3&subject_id=1&school_year=2015
[2014-09-26 12:11:47.498] [DEBUG] ultt - full data received on db: {"method":"createClass","classname":"testclass1","user_id":"3","subject_id":"1","school_year":"2015"}
[2014-09-26 12:12:58.082] [INFO] ultt - listening on port 80
[2014-09-26 12:12:58.082] [INFO] ultt - connected to db
[2014-09-26 12:12:59.942] [INFO] ultt - serving post to /unity/db
[2014-09-26 12:12:59.942] [DEBUG] ultt - received data: method=createClass&classname=testclass1&user_id=3&subject_id=1&school_year=2015
[2014-09-26 12:12:59.952] [DEBUG] ultt - full data received on db: {"method":"createClass","classname":"testclass1","user_id":"3","subject_id":"1","school_year":"2015"}
[2014-09-26 12:15:33.222] [INFO] ultt - listening on port 80
[2014-09-26 12:15:33.227] [INFO] ultt - connected to db
[2014-09-26 12:15:35.827] [INFO] ultt - serving post to /unity/db
[2014-09-26 12:15:35.830] [DEBUG] ultt - received data: method=createClass&classname=testclass1&user_id=3&subject_id=1&school_year=2015
[2014-09-26 12:15:35.833] [DEBUG] ultt - full data received on db: {"method":"createClass","classname":"testclass1","user_id":"3","subject_id":"1","school_year":"2015"}
[2014-09-26 12:17:07.983] [INFO] ultt - listening on port 80
[2014-09-26 12:17:07.993] [INFO] ultt - connected to db
[2014-09-26 12:17:10.493] [INFO] ultt - serving post to /unity/db
[2014-09-26 12:17:10.493] [DEBUG] ultt - received data: method=createClass&classname=testclass1&user_id=3&subject_id=1&school_year=2015
[2014-09-26 12:17:10.493] [DEBUG] ultt - full data received on db: {"method":"createClass","classname":"testclass1","user_id":"3","subject_id":"1","school_year":"2015"}
[2014-09-26 12:17:52.023] [INFO] ultt - listening on port 80
[2014-09-26 12:18:27.105] [INFO] ultt - listening on port 80
[2014-09-26 12:18:59.835] [INFO] ultt - -1-124-1-1-14-12
[2014-09-26 12:18:59.835] [INFO] ultt - listening on port 80
[2014-09-26 12:18:59.845] [INFO] ultt - connected to db
[2014-09-26 12:19:43.317] [INFO] ultt - listening on port 80
[2014-09-26 12:19:43.327] [INFO] ultt - connected to db
[2014-09-26 12:19:45.437] [INFO] ultt - serving post to /unity/db
[2014-09-26 12:19:45.437] [DEBUG] ultt - received data: method=createClass&classname=testclass1&user_id=3&subject_id=1&school_year=2015
[2014-09-26 12:19:45.437] [DEBUG] ultt - full data received on db: {"method":"createClass","classname":"testclass1","user_id":"3","subject_id":"1","school_year":"2015"}
[2014-09-26 12:19:58.427] [INFO] ultt - listening on port 80
[2014-09-26 12:19:58.427] [INFO] ultt - connected to db
[2014-09-26 12:20:02.457] [INFO] ultt - 5WggPi9zkP
[2014-09-26 12:20:02.457] [INFO] ultt - listening on port 80
[2014-09-26 12:20:02.457] [INFO] ultt - connected to db
[2014-09-26 12:27:58.515] [INFO] ultt - listening on port 80
[2014-09-26 12:27:58.525] [INFO] ultt - connected to db
[2014-09-26 12:28:07.055] [INFO] ultt - serving post to /unity/db
[2014-09-26 12:28:07.055] [DEBUG] ultt - received data: method=createClass&classname=testclass1&user_id=3&subject_id=1&school_year=2015
[2014-09-26 12:28:07.055] [DEBUG] ultt - full data received on db: {"method":"createClass","classname":"testclass1","user_id":"3","subject_id":"1","school_year":"2015"}
[2014-09-26 12:28:30.767] [INFO] ultt - listening on port 80
[2014-09-26 12:28:30.767] [INFO] ultt - connected to db
[2014-09-26 12:28:45.467] [INFO] ultt - serving post to /unity/db
[2014-09-26 12:28:45.467] [DEBUG] ultt - received data: method=createClass&classname=testclass1&user_id=3&subject_id=1&school_year=2015
[2014-09-26 12:28:45.467] [DEBUG] ultt - full data received on db: {"method":"createClass","classname":"testclass1","user_id":"3","subject_id":"1","school_year":"2015"}
[2014-09-26 12:29:27.337] [INFO] ultt - listening on port 80
[2014-09-26 12:29:27.347] [INFO] ultt - connected to db
[2014-09-26 12:29:29.519] [INFO] ultt - serving post to /unity/db
[2014-09-26 12:29:29.519] [DEBUG] ultt - received data: method=createClass&classname=testclass1&user_id=3&subject_id=1&school_year=2015
[2014-09-26 12:29:29.529] [DEBUG] ultt - full data received on db: {"method":"createClass","classname":"testclass1","user_id":"3","subject_id":"1","school_year":"2015"}
[2014-09-26 12:30:00.359] [INFO] ultt - listening on port 80
[2014-09-26 12:30:00.369] [INFO] ultt - connected to db
[2014-09-26 12:30:12.009] [INFO] ultt - serving post to /unity/db
[2014-09-26 12:30:12.009] [DEBUG] ultt - received data: method=createClass&classname=testclass1&user_id=1&subject_id=1&school_year=2015
[2014-09-26 12:30:12.009] [DEBUG] ultt - full data received on db: {"method":"createClass","classname":"testclass1","user_id":"1","subject_id":"1","school_year":"2015"}
[2014-09-26 12:33:23.569] [INFO] ultt - listening on port 80
[2014-09-26 12:33:23.569] [INFO] ultt - connected to db
[2014-09-26 12:33:27.329] [INFO] ultt - serving post to /unity/db
[2014-09-26 12:33:55.971] [INFO] ultt - listening on port 80
[2014-09-26 12:33:55.971] [INFO] ultt - connected to db
[2014-09-26 12:34:02.631] [INFO] ultt - serving post to /unity/db
[2014-09-26 12:34:02.641] [DEBUG] ultt - received data: method=createClass&classname=testclass1&user_id=3&subject_id=1&school_year=2015
[2014-09-26 12:34:02.641] [DEBUG] ultt - full data received on db: {"method":"createClass","classname":"testclass1","user_id":"3","subject_id":"1","school_year":"2015"}
[2014-09-26 12:34:02.641] [DEBUG] ultt - creating class testclass1 for user_id 3, subject_id 1 and school_year 2015
[2014-09-26 12:34:02.841] [DEBUG] ultt - insert data: {"classname":"testclass1","user_id":"3","school_year":"2015","classcode":"4kb5pNAYSl","subject_id":"1"}
[2014-09-26 12:34:02.901] [DEBUG] ultt - db response: {"fieldCount":0,"affectedRows":1,"insertId":3,"serverStatus":2,"warningCount":0,"message":"","protocol41":true,"changedRows":0}
[2014-09-26 12:34:02.901] [INFO] ultt - successful class creating
[2014-09-26 12:34:02.911] [DEBUG] ultt - created class with id: 3 , classcode: 4kb5pNAYSl
[2014-09-26 12:34:53.933] [INFO] ultt - serving post to /unity/db
[2014-09-26 12:34:53.933] [DEBUG] ultt - received data: method=createClass&classname=testclass1&user_id=3&subject_id=1&school_year=2015
[2014-09-26 12:34:53.933] [DEBUG] ultt - full data received on db: {"method":"createClass","classname":"testclass1","user_id":"3","subject_id":"1","school_year":"2015"}
[2014-09-26 12:34:53.933] [DEBUG] ultt - creating class testclass1 for user_id 3, subject_id 1 and school_year 2015
[2014-09-26 12:34:53.933] [DEBUG] ultt - insert data: {"classname":"testclass1","user_id":"3","school_year":"2015","classcode":"E491wJwQDP","subject_id":"1"}
[2014-09-26 12:34:54.003] [DEBUG] ultt - db response: {"fieldCount":0,"affectedRows":1,"insertId":4,"serverStatus":2,"warningCount":0,"message":"","protocol41":true,"changedRows":0}
[2014-09-26 12:34:54.003] [INFO] ultt - successful class creating
[2014-09-26 12:34:54.013] [DEBUG] ultt - created class with id: 4 , classcode: E491wJwQDP
[2014-09-26 12:34:58.913] [INFO] ultt - serving post to /unity/db
[2014-09-26 12:34:58.913] [DEBUG] ultt - received data: method=createClass&classname=testclass1&user_id=32&subject_id=1&school_year=2015
[2014-09-26 12:34:58.913] [DEBUG] ultt - full data received on db: {"method":"createClass","classname":"testclass1","user_id":"32","subject_id":"1","school_year":"2015"}
[2014-09-26 12:34:58.913] [DEBUG] ultt - creating class testclass1 for user_id 32, subject_id 1 and school_year 2015
[2014-09-26 12:34:58.913] [DEBUG] ultt - insert data: {"classname":"testclass1","user_id":"32","school_year":"2015","classcode":"zj2hRA79zQ","subject_id":"1"}
[2014-09-26 12:34:58.993] [ERROR] ultt - error on method createClass
[2014-09-26 12:34:58.993] [ERROR] ultt - error posting to db: Error: ER_NO_REFERENCED_ROW_: Cannot add or update a child row: a foreign key constraint fails (`ultt`.`class`, CONSTRAINT `fk_class_user1` FOREIGN KEY (`user_id`) REFERENCES `user` (`user_id`) ON DELETE NO ACTION ON UPDATE NO ACTION)
[2014-09-26 12:35:06.823] [INFO] ultt - serving post to /unity/db
[2014-09-26 12:35:06.823] [DEBUG] ultt - received data: method=createClass&classname=testclass1&user_id=1&subject_id=1&school_year=2015
[2014-09-26 12:35:06.823] [DEBUG] ultt - full data received on db: {"method":"createClass","classname":"testclass1","user_id":"1","subject_id":"1","school_year":"2015"}
[2014-09-26 12:35:06.823] [DEBUG] ultt - creating class testclass1 for user_id 1, subject_id 1 and school_year 2015
[2014-09-26 12:35:06.823] [DEBUG] ultt - insert data: {"classname":"testclass1","user_id":"1","school_year":"2015","classcode":"nGWkvsTYRN","subject_id":"1"}
[2014-09-26 12:35:06.853] [DEBUG] ultt - db response: {"fieldCount":0,"affectedRows":1,"insertId":6,"serverStatus":2,"warningCount":0,"message":"","protocol41":true,"changedRows":0}
[2014-09-26 12:35:06.853] [INFO] ultt - successful class creating
[2014-09-26 12:35:06.853] [DEBUG] ultt - created class with id: 6 , classcode: nGWkvsTYRN
[2014-09-26 12:36:05.005] [INFO] ultt - serving post to /unity/db
[2014-09-26 12:36:05.005] [DEBUG] ultt - received data: method=deleteClass&class_id=6
[2014-09-26 12:36:05.005] [DEBUG] ultt - full data received on db: {"method":"deleteClass","class_id":"6"}
[2014-09-26 12:36:05.005] [DEBUG] ultt - deleting class with id: 6
[2014-09-26 12:36:05.055] [DEBUG] ultt - successful setting delete flag of class
[2014-09-26 12:36:30.840] [INFO] ultt - listening on port 80
[2014-09-26 12:36:30.844] [INFO] ultt - connected to db
[2014-09-26 12:37:10.892] [INFO] ultt - serving post to /unity/db
[2014-09-26 12:37:10.893] [DEBUG] ultt - received data: method=getTeacherClasses&user_id=1
[2014-09-26 12:37:10.894] [DEBUG] ultt - full data received on db: {"method":"getTeacherClasses","user_id":"1"}
[2014-09-26 12:37:10.894] [DEBUG] ultt - get classes of teacher user with id: 1
[2014-09-26 12:37:10.896] [INFO] ultt - successful teacher classes fetching
[2014-09-26 12:37:10.897] [DEBUG] ultt - fetch result: [{"class_id":1,"classname":"Informatik1","privacy":null,"school_year":2014,"classcode":"gkuzdxtzjsy","subject_name":"Informatik"},{"class_id":2,"classname":"Mathematik1","privacy":null,"school_year":2014,"classcode":"rxtzjdsjmm","subject_name":"Mathematik"}]
[2014-09-26 12:37:15.607] [INFO] ultt - serving post to /unity/db
[2014-09-26 12:37:15.609] [DEBUG] ultt - received data: method=getTeacherClasses&user_id=3
[2014-09-26 12:37:15.610] [DEBUG] ultt - full data received on db: {"method":"getTeacherClasses","user_id":"3"}
[2014-09-26 12:37:15.611] [DEBUG] ultt - get classes of teacher user with id: 3
[2014-09-26 12:37:15.613] [INFO] ultt - successful teacher classes fetching
[2014-09-26 12:37:15.615] [DEBUG] ultt - fetch result: [{"class_id":3,"classname":"testclass1","privacy":null,"school_year":2015,"classcode":"4kb5pNAYSl","subject_name":"Informatik"},{"class_id":4,"classname":"testclass1","privacy":null,"school_year":2015,"classcode":"E491wJwQDP","subject_name":"Informatik"}]
[2014-09-26 12:37:23.099] [INFO] ultt - serving post to /unity/db
[2014-09-26 12:37:23.101] [DEBUG] ultt - received data: method=getTeacherClasses&user_id=2
[2014-09-26 12:37:23.102] [DEBUG] ultt - full data received on db: {"method":"getTeacherClasses","user_id":"2"}
[2014-09-26 12:37:23.103] [DEBUG] ultt - get classes of teacher user with id: 2
[2014-09-26 12:37:23.106] [INFO] ultt - successful teacher classes fetching
[2014-09-26 12:37:23.107] [DEBUG] ultt - fetch result: []
[2014-09-26 12:37:24.784] [INFO] ultt - serving post to /unity/db
[2014-09-26 12:37:24.786] [DEBUG] ultt - received data: method=getTeacherClasses&user_id=1
[2014-09-26 12:37:24.788] [DEBUG] ultt - full data received on db: {"method":"getTeacherClasses","user_id":"1"}
[2014-09-26 12:37:24.789] [DEBUG] ultt - get classes of teacher user with id: 1
[2014-09-26 12:37:24.791] [INFO] ultt - successful teacher classes fetching
[2014-09-26 12:37:24.792] [DEBUG] ultt - fetch result: [{"class_id":1,"classname":"Informatik1","privacy":null,"school_year":2014,"classcode":"gkuzdxtzjsy","subject_name":"Informatik"},{"class_id":2,"classname":"Mathematik1","privacy":null,"school_year":2014,"classcode":"rxtzjdsjmm","subject_name":"Mathematik"}]
